Building DAG of jobs...
Using shell: /usr/bin/bash
Provided cores: 15
Rules claiming more threads will be scaled down.
Job counts:
	count	jobs
	1	filter
	24	filter_pindel
	24	gatk_haplotypecaller
	1	gatk_merge_indel_vcf
	1	gatk_merge_snp_vcf
	24	gatk_selectvariant_indel
	24	gatk_selectvariant_snp
	1	merge_vcf
	24	pindel_call
	1	pindel_merge_vcf
	1	varscan_merge_indel_vcf
	1	varscan_merge_snp_vcf
	24	varscan_mpileup2indel
	24	varscan_mpileup2snp
	175

rule gatk_haplotypecaller:
    input: /diskmnt/Datasets/Reference/human_genome/GRCh37-lite/GRCh37-lite.fa, /diskmnt/Datasets/TCGA/example_BAM/TCGA-73-4677-11A-01D-1203-02_IlluminaHiSeq-DNASeq_whole.bam, /diskmnt/Projects/Users/wliang/Germline_Noncoding/RegulatoryGermline/reference/interval_chr1.list
    output: gatk.raw.chr1.vcf
    jobid: 155
    wildcards: ix=1

gatk HaplotypeCaller -R /diskmnt/Datasets/Reference/human_genome/GRCh37-lite/GRCh37-lite.fa -I /diskmnt/Datasets/TCGA/example_BAM/TCGA-73-4677-11A-01D-1203-02_IlluminaHiSeq-DNASeq_whole.bam -L /diskmnt/Projects/Users/wliang/Germline_Noncoding/RegulatoryGermline/reference/interval_chr1.list -O gatk.raw.chr1.vcf --standard-min-confidence-threshold-for-calling 30.0

rule gatk_haplotypecaller:
    input: /diskmnt/Datasets/Reference/human_genome/GRCh37-lite/GRCh37-lite.fa, /diskmnt/Datasets/TCGA/example_BAM/TCGA-73-4677-11A-01D-1203-02_IlluminaHiSeq-DNASeq_whole.bam, /diskmnt/Projects/Users/wliang/Germline_Noncoding/RegulatoryGermline/reference/interval_chr13.list
    output: gatk.raw.chr13.vcf
    jobid: 163
    wildcards: ix=13

gatk HaplotypeCaller -R /diskmnt/Datasets/Reference/human_genome/GRCh37-lite/GRCh37-lite.fa -I /diskmnt/Datasets/TCGA/example_BAM/TCGA-73-4677-11A-01D-1203-02_IlluminaHiSeq-DNASeq_whole.bam -L /diskmnt/Projects/Users/wliang/Germline_Noncoding/RegulatoryGermline/reference/interval_chr13.list -O gatk.raw.chr13.vcf --standard-min-confidence-threshold-for-calling 30.0

rule gatk_haplotypecaller:
    input: /diskmnt/Datasets/Reference/human_genome/GRCh37-lite/GRCh37-lite.fa, /diskmnt/Datasets/TCGA/example_BAM/TCGA-73-4677-11A-01D-1203-02_IlluminaHiSeq-DNASeq_whole.bam, /diskmnt/Projects/Users/wliang/Germline_Noncoding/RegulatoryGermline/reference/interval_chr11.list
    output: gatk.raw.chr11.vcf
    jobid: 153
    wildcards: ix=11

gatk HaplotypeCaller -R /diskmnt/Datasets/Reference/human_genome/GRCh37-lite/GRCh37-lite.fa -I /diskmnt/Datasets/TCGA/example_BAM/TCGA-73-4677-11A-01D-1203-02_IlluminaHiSeq-DNASeq_whole.bam -L /diskmnt/Projects/Users/wliang/Germline_Noncoding/RegulatoryGermline/reference/interval_chr11.list -O gatk.raw.chr11.vcf --standard-min-confidence-threshold-for-calling 30.0

rule gatk_haplotypecaller:
    input: /diskmnt/Datasets/Reference/human_genome/GRCh37-lite/GRCh37-lite.fa, /diskmnt/Datasets/TCGA/example_BAM/TCGA-73-4677-11A-01D-1203-02_IlluminaHiSeq-DNASeq_whole.bam, /diskmnt/Projects/Users/wliang/Germline_Noncoding/RegulatoryGermline/reference/interval_chr9.list
    output: gatk.raw.chr9.vcf
    jobid: 160
    wildcards: ix=9

gatk HaplotypeCaller -R /diskmnt/Datasets/Reference/human_genome/GRCh37-lite/GRCh37-lite.fa -I /diskmnt/Datasets/TCGA/example_BAM/TCGA-73-4677-11A-01D-1203-02_IlluminaHiSeq-DNASeq_whole.bam -L /diskmnt/Projects/Users/wliang/Germline_Noncoding/RegulatoryGermline/reference/interval_chr9.list -O gatk.raw.chr9.vcf --standard-min-confidence-threshold-for-calling 30.0

rule gatk_haplotypecaller:
    input: /diskmnt/Datasets/Reference/human_genome/GRCh37-lite/GRCh37-lite.fa, /diskmnt/Datasets/TCGA/example_BAM/TCGA-73-4677-11A-01D-1203-02_IlluminaHiSeq-DNASeq_whole.bam, /diskmnt/Projects/Users/wliang/Germline_Noncoding/RegulatoryGermline/reference/interval_chr14.list
    output: gatk.raw.chr14.vcf
    jobid: 168
    wildcards: ix=14

gatk HaplotypeCaller -R /diskmnt/Datasets/Reference/human_genome/GRCh37-lite/GRCh37-lite.fa -I /diskmnt/Datasets/TCGA/example_BAM/TCGA-73-4677-11A-01D-1203-02_IlluminaHiSeq-DNASeq_whole.bam -L /diskmnt/Projects/Users/wliang/Germline_Noncoding/RegulatoryGermline/reference/interval_chr14.list -O gatk.raw.chr14.vcf --standard-min-confidence-threshold-for-calling 30.0

rule gatk_haplotypecaller:
    input: /diskmnt/Datasets/Reference/human_genome/GRCh37-lite/GRCh37-lite.fa, /diskmnt/Datasets/TCGA/example_BAM/TCGA-73-4677-11A-01D-1203-02_IlluminaHiSeq-DNASeq_whole.bam, /diskmnt/Projects/Users/wliang/Germline_Noncoding/RegulatoryGermline/reference/interval_chr2.list
    output: gatk.raw.chr2.vcf
    jobid: 166
    wildcards: ix=2

gatk HaplotypeCaller -R /diskmnt/Datasets/Reference/human_genome/GRCh37-lite/GRCh37-lite.fa -I /diskmnt/Datasets/TCGA/example_BAM/TCGA-73-4677-11A-01D-1203-02_IlluminaHiSeq-DNASeq_whole.bam -L /diskmnt/Projects/Users/wliang/Germline_Noncoding/RegulatoryGermline/reference/interval_chr2.list -O gatk.raw.chr2.vcf --standard-min-confidence-threshold-for-calling 30.0

rule gatk_haplotypecaller:
    input: /diskmnt/Datasets/Reference/human_genome/GRCh37-lite/GRCh37-lite.fa, /diskmnt/Datasets/TCGA/example_BAM/TCGA-73-4677-11A-01D-1203-02_IlluminaHiSeq-DNASeq_whole.bam, /diskmnt/Projects/Users/wliang/Germline_Noncoding/RegulatoryGermline/reference/interval_chr6.list
    output: gatk.raw.chr6.vcf
    jobid: 158
    wildcards: ix=6

gatk HaplotypeCaller -R /diskmnt/Datasets/Reference/human_genome/GRCh37-lite/GRCh37-lite.fa -I /diskmnt/Datasets/TCGA/example_BAM/TCGA-73-4677-11A-01D-1203-02_IlluminaHiSeq-DNASeq_whole.bam -L /diskmnt/Projects/Users/wliang/Germline_Noncoding/RegulatoryGermline/reference/interval_chr6.list -O gatk.raw.chr6.vcf --standard-min-confidence-threshold-for-calling 30.0

rule gatk_haplotypecaller:
    input: /diskmnt/Datasets/Reference/human_genome/GRCh37-lite/GRCh37-lite.fa, /diskmnt/Datasets/TCGA/example_BAM/TCGA-73-4677-11A-01D-1203-02_IlluminaHiSeq-DNASeq_whole.bam, /diskmnt/Projects/Users/wliang/Germline_Noncoding/RegulatoryGermline/reference/interval_chr8.list
    output: gatk.raw.chr8.vcf
    jobid: 162
    wildcards: ix=8

gatk HaplotypeCaller -R /diskmnt/Datasets/Reference/human_genome/GRCh37-lite/GRCh37-lite.fa -I /diskmnt/Datasets/TCGA/example_BAM/TCGA-73-4677-11A-01D-1203-02_IlluminaHiSeq-DNASeq_whole.bam -L /diskmnt/Projects/Users/wliang/Germline_Noncoding/RegulatoryGermline/reference/interval_chr8.list -O gatk.raw.chr8.vcf --standard-min-confidence-threshold-for-calling 30.0

rule gatk_haplotypecaller:
    input: /diskmnt/Datasets/Reference/human_genome/GRCh37-lite/GRCh37-lite.fa, /diskmnt/Datasets/TCGA/example_BAM/TCGA-73-4677-11A-01D-1203-02_IlluminaHiSeq-DNASeq_whole.bam, /diskmnt/Projects/Users/wliang/Germline_Noncoding/RegulatoryGermline/reference/interval_chr12.list
    output: gatk.raw.chr12.vcf
    jobid: 157
    wildcards: ix=12

gatk HaplotypeCaller -R /diskmnt/Datasets/Reference/human_genome/GRCh37-lite/GRCh37-lite.fa -I /diskmnt/Datasets/TCGA/example_BAM/TCGA-73-4677-11A-01D-1203-02_IlluminaHiSeq-DNASeq_whole.bam -L /diskmnt/Projects/Users/wliang/Germline_Noncoding/RegulatoryGermline/reference/interval_chr12.list -O gatk.raw.chr12.vcf --standard-min-confidence-threshold-for-calling 30.0

rule gatk_haplotypecaller:
    input: /diskmnt/Datasets/Reference/human_genome/GRCh37-lite/GRCh37-lite.fa, /diskmnt/Datasets/TCGA/example_BAM/TCGA-73-4677-11A-01D-1203-02_IlluminaHiSeq-DNASeq_whole.bam, /diskmnt/Projects/Users/wliang/Germline_Noncoding/RegulatoryGermline/reference/interval_chrX.list
    output: gatk.raw.chrX.vcf
    jobid: 152
    wildcards: ix=X

gatk HaplotypeCaller -R /diskmnt/Datasets/Reference/human_genome/GRCh37-lite/GRCh37-lite.fa -I /diskmnt/Datasets/TCGA/example_BAM/TCGA-73-4677-11A-01D-1203-02_IlluminaHiSeq-DNASeq_whole.bam -L /diskmnt/Projects/Users/wliang/Germline_Noncoding/RegulatoryGermline/reference/interval_chrX.list -O gatk.raw.chrX.vcf --standard-min-confidence-threshold-for-calling 30.0

rule gatk_haplotypecaller:
    input: /diskmnt/Datasets/Reference/human_genome/GRCh37-lite/GRCh37-lite.fa, /diskmnt/Datasets/TCGA/example_BAM/TCGA-73-4677-11A-01D-1203-02_IlluminaHiSeq-DNASeq_whole.bam, /diskmnt/Projects/Users/wliang/Germline_Noncoding/RegulatoryGermline/reference/interval_chr3.list
    output: gatk.raw.chr3.vcf
    jobid: 165
    wildcards: ix=3

gatk HaplotypeCaller -R /diskmnt/Datasets/Reference/human_genome/GRCh37-lite/GRCh37-lite.fa -I /diskmnt/Datasets/TCGA/example_BAM/TCGA-73-4677-11A-01D-1203-02_IlluminaHiSeq-DNASeq_whole.bam -L /diskmnt/Projects/Users/wliang/Germline_Noncoding/RegulatoryGermline/reference/interval_chr3.list -O gatk.raw.chr3.vcf --standard-min-confidence-threshold-for-calling 30.0

rule gatk_haplotypecaller:
    input: /diskmnt/Datasets/Reference/human_genome/GRCh37-lite/GRCh37-lite.fa, /diskmnt/Datasets/TCGA/example_BAM/TCGA-73-4677-11A-01D-1203-02_IlluminaHiSeq-DNASeq_whole.bam, /diskmnt/Projects/Users/wliang/Germline_Noncoding/RegulatoryGermline/reference/interval_chr5.list
    output: gatk.raw.chr5.vcf
    jobid: 169
    wildcards: ix=5

gatk HaplotypeCaller -R /diskmnt/Datasets/Reference/human_genome/GRCh37-lite/GRCh37-lite.fa -I /diskmnt/Datasets/TCGA/example_BAM/TCGA-73-4677-11A-01D-1203-02_IlluminaHiSeq-DNASeq_whole.bam -L /diskmnt/Projects/Users/wliang/Germline_Noncoding/RegulatoryGermline/reference/interval_chr5.list -O gatk.raw.chr5.vcf --standard-min-confidence-threshold-for-calling 30.0

rule gatk_haplotypecaller:
    input: /diskmnt/Datasets/Reference/human_genome/GRCh37-lite/GRCh37-lite.fa, /diskmnt/Datasets/TCGA/example_BAM/TCGA-73-4677-11A-01D-1203-02_IlluminaHiSeq-DNASeq_whole.bam, /diskmnt/Projects/Users/wliang/Germline_Noncoding/RegulatoryGermline/reference/interval_chr10.list
    output: gatk.raw.chr10.vcf
    jobid: 164
    wildcards: ix=10

gatk HaplotypeCaller -R /diskmnt/Datasets/Reference/human_genome/GRCh37-lite/GRCh37-lite.fa -I /diskmnt/Datasets/TCGA/example_BAM/TCGA-73-4677-11A-01D-1203-02_IlluminaHiSeq-DNASeq_whole.bam -L /diskmnt/Projects/Users/wliang/Germline_Noncoding/RegulatoryGermline/reference/interval_chr10.list -O gatk.raw.chr10.vcf --standard-min-confidence-threshold-for-calling 30.0

rule gatk_haplotypecaller:
    input: /diskmnt/Datasets/Reference/human_genome/GRCh37-lite/GRCh37-lite.fa, /diskmnt/Datasets/TCGA/example_BAM/TCGA-73-4677-11A-01D-1203-02_IlluminaHiSeq-DNASeq_whole.bam, /diskmnt/Projects/Users/wliang/Germline_Noncoding/RegulatoryGermline/reference/interval_chr7.list
    output: gatk.raw.chr7.vcf
    jobid: 156
    wildcards: ix=7

gatk HaplotypeCaller -R /diskmnt/Datasets/Reference/human_genome/GRCh37-lite/GRCh37-lite.fa -I /diskmnt/Datasets/TCGA/example_BAM/TCGA-73-4677-11A-01D-1203-02_IlluminaHiSeq-DNASeq_whole.bam -L /diskmnt/Projects/Users/wliang/Germline_Noncoding/RegulatoryGermline/reference/interval_chr7.list -O gatk.raw.chr7.vcf --standard-min-confidence-threshold-for-calling 30.0

rule gatk_haplotypecaller:
    input: /diskmnt/Datasets/Reference/human_genome/GRCh37-lite/GRCh37-lite.fa, /diskmnt/Datasets/TCGA/example_BAM/TCGA-73-4677-11A-01D-1203-02_IlluminaHiSeq-DNASeq_whole.bam, /diskmnt/Projects/Users/wliang/Germline_Noncoding/RegulatoryGermline/reference/interval_chr4.list
    output: gatk.raw.chr4.vcf
    jobid: 167
    wildcards: ix=4

gatk HaplotypeCaller -R /diskmnt/Datasets/Reference/human_genome/GRCh37-lite/GRCh37-lite.fa -I /diskmnt/Datasets/TCGA/example_BAM/TCGA-73-4677-11A-01D-1203-02_IlluminaHiSeq-DNASeq_whole.bam -L /diskmnt/Projects/Users/wliang/Germline_Noncoding/RegulatoryGermline/reference/interval_chr4.list -O gatk.raw.chr4.vcf --standard-min-confidence-threshold-for-calling 30.0
Finished job 152.
1 of 175 steps (0.57%) done

rule gatk_haplotypecaller:
    input: /diskmnt/Datasets/Reference/human_genome/GRCh37-lite/GRCh37-lite.fa, /diskmnt/Datasets/TCGA/example_BAM/TCGA-73-4677-11A-01D-1203-02_IlluminaHiSeq-DNASeq_whole.bam, /diskmnt/Projects/Users/wliang/Germline_Noncoding/RegulatoryGermline/reference/interval_chr15.list
    output: gatk.raw.chr15.vcf
    jobid: 172
    wildcards: ix=15

gatk HaplotypeCaller -R /diskmnt/Datasets/Reference/human_genome/GRCh37-lite/GRCh37-lite.fa -I /diskmnt/Datasets/TCGA/example_BAM/TCGA-73-4677-11A-01D-1203-02_IlluminaHiSeq-DNASeq_whole.bam -L /diskmnt/Projects/Users/wliang/Germline_Noncoding/RegulatoryGermline/reference/interval_chr15.list -O gatk.raw.chr15.vcf --standard-min-confidence-threshold-for-calling 30.0
Finished job 168.
2 of 175 steps (1%) done

rule gatk_haplotypecaller:
    input: /diskmnt/Datasets/Reference/human_genome/GRCh37-lite/GRCh37-lite.fa, /diskmnt/Datasets/TCGA/example_BAM/TCGA-73-4677-11A-01D-1203-02_IlluminaHiSeq-DNASeq_whole.bam, /diskmnt/Projects/Users/wliang/Germline_Noncoding/RegulatoryGermline/reference/interval_chr16.list
    output: gatk.raw.chr16.vcf
    jobid: 173
    wildcards: ix=16

gatk HaplotypeCaller -R /diskmnt/Datasets/Reference/human_genome/GRCh37-lite/GRCh37-lite.fa -I /diskmnt/Datasets/TCGA/example_BAM/TCGA-73-4677-11A-01D-1203-02_IlluminaHiSeq-DNASeq_whole.bam -L /diskmnt/Projects/Users/wliang/Germline_Noncoding/RegulatoryGermline/reference/interval_chr16.list -O gatk.raw.chr16.vcf --standard-min-confidence-threshold-for-calling 30.0
Finished job 163.
3 of 175 steps (2%) done

rule gatk_haplotypecaller:
    input: /diskmnt/Datasets/Reference/human_genome/GRCh37-lite/GRCh37-lite.fa, /diskmnt/Datasets/TCGA/example_BAM/TCGA-73-4677-11A-01D-1203-02_IlluminaHiSeq-DNASeq_whole.bam, /diskmnt/Projects/Users/wliang/Germline_Noncoding/RegulatoryGermline/reference/interval_chr17.list
    output: gatk.raw.chr17.vcf
    jobid: 154
    wildcards: ix=17

gatk HaplotypeCaller -R /diskmnt/Datasets/Reference/human_genome/GRCh37-lite/GRCh37-lite.fa -I /diskmnt/Datasets/TCGA/example_BAM/TCGA-73-4677-11A-01D-1203-02_IlluminaHiSeq-DNASeq_whole.bam -L /diskmnt/Projects/Users/wliang/Germline_Noncoding/RegulatoryGermline/reference/interval_chr17.list -O gatk.raw.chr17.vcf --standard-min-confidence-threshold-for-calling 30.0
Finished job 160.
4 of 175 steps (2%) done

rule gatk_haplotypecaller:
    input: /diskmnt/Datasets/Reference/human_genome/GRCh37-lite/GRCh37-lite.fa, /diskmnt/Datasets/TCGA/example_BAM/TCGA-73-4677-11A-01D-1203-02_IlluminaHiSeq-DNASeq_whole.bam, /diskmnt/Projects/Users/wliang/Germline_Noncoding/RegulatoryGermline/reference/interval_chr18.list
    output: gatk.raw.chr18.vcf
    jobid: 151
    wildcards: ix=18

gatk HaplotypeCaller -R /diskmnt/Datasets/Reference/human_genome/GRCh37-lite/GRCh37-lite.fa -I /diskmnt/Datasets/TCGA/example_BAM/TCGA-73-4677-11A-01D-1203-02_IlluminaHiSeq-DNASeq_whole.bam -L /diskmnt/Projects/Users/wliang/Germline_Noncoding/RegulatoryGermline/reference/interval_chr18.list -O gatk.raw.chr18.vcf --standard-min-confidence-threshold-for-calling 30.0
Finished job 157.
5 of 175 steps (3%) done

rule gatk_haplotypecaller:
    input: /diskmnt/Datasets/Reference/human_genome/GRCh37-lite/GRCh37-lite.fa, /diskmnt/Datasets/TCGA/example_BAM/TCGA-73-4677-11A-01D-1203-02_IlluminaHiSeq-DNASeq_whole.bam, /diskmnt/Projects/Users/wliang/Germline_Noncoding/RegulatoryGermline/reference/interval_chr20.list
    output: gatk.raw.chr20.vcf
    jobid: 159
    wildcards: ix=20

gatk HaplotypeCaller -R /diskmnt/Datasets/Reference/human_genome/GRCh37-lite/GRCh37-lite.fa -I /diskmnt/Datasets/TCGA/example_BAM/TCGA-73-4677-11A-01D-1203-02_IlluminaHiSeq-DNASeq_whole.bam -L /diskmnt/Projects/Users/wliang/Germline_Noncoding/RegulatoryGermline/reference/interval_chr20.list -O gatk.raw.chr20.vcf --standard-min-confidence-threshold-for-calling 30.0
Finished job 153.
6 of 175 steps (3%) done

rule gatk_haplotypecaller:
    input: /diskmnt/Datasets/Reference/human_genome/GRCh37-lite/GRCh37-lite.fa, /diskmnt/Datasets/TCGA/example_BAM/TCGA-73-4677-11A-01D-1203-02_IlluminaHiSeq-DNASeq_whole.bam, /diskmnt/Projects/Users/wliang/Germline_Noncoding/RegulatoryGermline/reference/interval_chr19.list
    output: gatk.raw.chr19.vcf
    jobid: 170
    wildcards: ix=19

gatk HaplotypeCaller -R /diskmnt/Datasets/Reference/human_genome/GRCh37-lite/GRCh37-lite.fa -I /diskmnt/Datasets/TCGA/example_BAM/TCGA-73-4677-11A-01D-1203-02_IlluminaHiSeq-DNASeq_whole.bam -L /diskmnt/Projects/Users/wliang/Germline_Noncoding/RegulatoryGermline/reference/interval_chr19.list -O gatk.raw.chr19.vcf --standard-min-confidence-threshold-for-calling 30.0
Finished job 162.
7 of 175 steps (4%) done

rule gatk_haplotypecaller:
    input: /diskmnt/Datasets/Reference/human_genome/GRCh37-lite/GRCh37-lite.fa, /diskmnt/Datasets/TCGA/example_BAM/TCGA-73-4677-11A-01D-1203-02_IlluminaHiSeq-DNASeq_whole.bam, /diskmnt/Projects/Users/wliang/Germline_Noncoding/RegulatoryGermline/reference/interval_chrY.list
    output: gatk.raw.chrY.vcf
    jobid: 174
    wildcards: ix=Y

gatk HaplotypeCaller -R /diskmnt/Datasets/Reference/human_genome/GRCh37-lite/GRCh37-lite.fa -I /diskmnt/Datasets/TCGA/example_BAM/TCGA-73-4677-11A-01D-1203-02_IlluminaHiSeq-DNASeq_whole.bam -L /diskmnt/Projects/Users/wliang/Germline_Noncoding/RegulatoryGermline/reference/interval_chrY.list -O gatk.raw.chrY.vcf --standard-min-confidence-threshold-for-calling 30.0
Finished job 174.
8 of 175 steps (5%) done

rule gatk_haplotypecaller:
    input: /diskmnt/Datasets/Reference/human_genome/GRCh37-lite/GRCh37-lite.fa, /diskmnt/Datasets/TCGA/example_BAM/TCGA-73-4677-11A-01D-1203-02_IlluminaHiSeq-DNASeq_whole.bam, /diskmnt/Projects/Users/wliang/Germline_Noncoding/RegulatoryGermline/reference/interval_chr22.list
    output: gatk.raw.chr22.vcf
    jobid: 161
    wildcards: ix=22

gatk HaplotypeCaller -R /diskmnt/Datasets/Reference/human_genome/GRCh37-lite/GRCh37-lite.fa -I /diskmnt/Datasets/TCGA/example_BAM/TCGA-73-4677-11A-01D-1203-02_IlluminaHiSeq-DNASeq_whole.bam -L /diskmnt/Projects/Users/wliang/Germline_Noncoding/RegulatoryGermline/reference/interval_chr22.list -O gatk.raw.chr22.vcf --standard-min-confidence-threshold-for-calling 30.0
Finished job 169.
9 of 175 steps (5%) done

rule gatk_haplotypecaller:
    input: /diskmnt/Datasets/Reference/human_genome/GRCh37-lite/GRCh37-lite.fa, /diskmnt/Datasets/TCGA/example_BAM/TCGA-73-4677-11A-01D-1203-02_IlluminaHiSeq-DNASeq_whole.bam, /diskmnt/Projects/Users/wliang/Germline_Noncoding/RegulatoryGermline/reference/interval_chr21.list
    output: gatk.raw.chr21.vcf
    jobid: 171
    wildcards: ix=21

gatk HaplotypeCaller -R /diskmnt/Datasets/Reference/human_genome/GRCh37-lite/GRCh37-lite.fa -I /diskmnt/Datasets/TCGA/example_BAM/TCGA-73-4677-11A-01D-1203-02_IlluminaHiSeq-DNASeq_whole.bam -L /diskmnt/Projects/Users/wliang/Germline_Noncoding/RegulatoryGermline/reference/interval_chr21.list -O gatk.raw.chr21.vcf --standard-min-confidence-threshold-for-calling 30.0
Finished job 164.
10 of 175 steps (6%) done

rule varscan_mpileup2snp:
    input: /diskmnt/Datasets/Reference/human_genome/GRCh37-lite/GRCh37-lite.fa, /diskmnt/Datasets/TCGA/example_BAM/TCGA-73-4677-11A-01D-1203-02_IlluminaHiSeq-DNASeq_whole.bam
    output: varscan.snp.chrX.vcf
    jobid: 52
    wildcards: ix=X

samtools mpileup -q 1 -Q 13 -f /diskmnt/Datasets/Reference/human_genome/GRCh37-lite/GRCh37-lite.fa -R chrX /diskmnt/Datasets/TCGA/example_BAM/TCGA-73-4677-11A-01D-1203-02_IlluminaHiSeq-DNASeq_whole.bam | awk 'NR==6' | varscan mpileup2snp - --min-coverage 3 --min-var-freq 0.10 --p-value 0.10 --strand-filter 1 --output-vcf 1 > varscan.snp.chrX.vcf
Finished job 172.
11 of 175 steps (6%) done

rule varscan_mpileup2snp:
    input: /diskmnt/Datasets/Reference/human_genome/GRCh37-lite/GRCh37-lite.fa, /diskmnt/Datasets/TCGA/example_BAM/TCGA-73-4677-11A-01D-1203-02_IlluminaHiSeq-DNASeq_whole.bam
    output: varscan.snp.chr5.vcf
    jobid: 44
    wildcards: ix=5

samtools mpileup -q 1 -Q 13 -f /diskmnt/Datasets/Reference/human_genome/GRCh37-lite/GRCh37-lite.fa -R chr5 /diskmnt/Datasets/TCGA/example_BAM/TCGA-73-4677-11A-01D-1203-02_IlluminaHiSeq-DNASeq_whole.bam | awk 'NR==6' | varscan mpileup2snp - --min-coverage 3 --min-var-freq 0.10 --p-value 0.10 --strand-filter 1 --output-vcf 1 > varscan.snp.chr5.vcf
Finished job 156.
12 of 175 steps (7%) done

rule varscan_mpileup2snp:
    input: /diskmnt/Datasets/Reference/human_genome/GRCh37-lite/GRCh37-lite.fa, /diskmnt/Datasets/TCGA/example_BAM/TCGA-73-4677-11A-01D-1203-02_IlluminaHiSeq-DNASeq_whole.bam
    output: varscan.snp.chr3.vcf
    jobid: 41
    wildcards: ix=3

samtools mpileup -q 1 -Q 13 -f /diskmnt/Datasets/Reference/human_genome/GRCh37-lite/GRCh37-lite.fa -R chr3 /diskmnt/Datasets/TCGA/example_BAM/TCGA-73-4677-11A-01D-1203-02_IlluminaHiSeq-DNASeq_whole.bam | awk 'NR==6' | varscan mpileup2snp - --min-coverage 3 --min-var-freq 0.10 --p-value 0.10 --strand-filter 1 --output-vcf 1 > varscan.snp.chr3.vcf
Finished job 165.
13 of 175 steps (7%) done

rule varscan_mpileup2indel:
    input: /diskmnt/Datasets/Reference/human_genome/GRCh37-lite/GRCh37-lite.fa, /diskmnt/Datasets/TCGA/example_BAM/TCGA-73-4677-11A-01D-1203-02_IlluminaHiSeq-DNASeq_whole.bam
    output: varscan.indel.chrX.vcf
    jobid: 63
    wildcards: ix=X

samtools mpileup -q 1 -Q 13 -f /diskmnt/Datasets/Reference/human_genome/GRCh37-lite/GRCh37-lite.fa -R chrX /diskmnt/Datasets/TCGA/example_BAM/TCGA-73-4677-11A-01D-1203-02_IlluminaHiSeq-DNASeq_whole.bam | awk 'NR==6' | varscan mpileup2indel - --min-coverage 3 --min-var-freq 0.10 --p-value 0.10 --strand-filter 1 --output-vcf 1 > varscan.indel.chrX.vcf
Finished job 167.
14 of 175 steps (8%) done

rule varscan_mpileup2indel:
    input: /diskmnt/Datasets/Reference/human_genome/GRCh37-lite/GRCh37-lite.fa, /diskmnt/Datasets/TCGA/example_BAM/TCGA-73-4677-11A-01D-1203-02_IlluminaHiSeq-DNASeq_whole.bam
    output: varscan.indel.chr5.vcf
    jobid: 69
    wildcards: ix=5

samtools mpileup -q 1 -Q 13 -f /diskmnt/Datasets/Reference/human_genome/GRCh37-lite/GRCh37-lite.fa -R chr5 /diskmnt/Datasets/TCGA/example_BAM/TCGA-73-4677-11A-01D-1203-02_IlluminaHiSeq-DNASeq_whole.bam | awk 'NR==6' | varscan mpileup2indel - --min-coverage 3 --min-var-freq 0.10 --p-value 0.10 --strand-filter 1 --output-vcf 1 > varscan.indel.chr5.vcf
Finished job 154.
15 of 175 steps (9%) done

rule varscan_mpileup2indel:
    input: /diskmnt/Datasets/Reference/human_genome/GRCh37-lite/GRCh37-lite.fa, /diskmnt/Datasets/TCGA/example_BAM/TCGA-73-4677-11A-01D-1203-02_IlluminaHiSeq-DNASeq_whole.bam
    output: varscan.indel.chr3.vcf
    jobid: 68
    wildcards: ix=3

samtools mpileup -q 1 -Q 13 -f /diskmnt/Datasets/Reference/human_genome/GRCh37-lite/GRCh37-lite.fa -R chr3 /diskmnt/Datasets/TCGA/example_BAM/TCGA-73-4677-11A-01D-1203-02_IlluminaHiSeq-DNASeq_whole.bam | awk 'NR==6' | varscan mpileup2indel - --min-coverage 3 --min-var-freq 0.10 --p-value 0.10 --strand-filter 1 --output-vcf 1 > varscan.indel.chr3.vcf
Finished job 159.
16 of 175 steps (9%) done

rule varscan_mpileup2indel:
    input: /diskmnt/Datasets/Reference/human_genome/GRCh37-lite/GRCh37-lite.fa, /diskmnt/Datasets/TCGA/example_BAM/TCGA-73-4677-11A-01D-1203-02_IlluminaHiSeq-DNASeq_whole.bam
    output: varscan.indel.chrY.vcf
    jobid: 61
    wildcards: ix=Y

samtools mpileup -q 1 -Q 13 -f /diskmnt/Datasets/Reference/human_genome/GRCh37-lite/GRCh37-lite.fa -R chrY /diskmnt/Datasets/TCGA/example_BAM/TCGA-73-4677-11A-01D-1203-02_IlluminaHiSeq-DNASeq_whole.bam | awk 'NR==6' | varscan mpileup2indel - --min-coverage 3 --min-var-freq 0.10 --p-value 0.10 --strand-filter 1 --output-vcf 1 > varscan.indel.chrY.vcf
    Error in rule varscan_mpileup2snp:
        jobid: 52
        output: varscan.snp.chrX.vcf

RuleException:
CalledProcessError in line 61 of /diskmnt/Projects/Users/wliang/Germline_Noncoding/RegulatoryGermline/snakemake/local/Snakefile:
Command ' set -euo pipefail;  samtools mpileup -q 1 -Q 13 -f /diskmnt/Datasets/Reference/human_genome/GRCh37-lite/GRCh37-lite.fa -R chrX /diskmnt/Datasets/TCGA/example_BAM/TCGA-73-4677-11A-01D-1203-02_IlluminaHiSeq-DNASeq_whole.bam | awk 'NR==6' | varscan mpileup2snp - --min-coverage 3 --min-var-freq 0.10 --p-value 0.10 --strand-filter 1 --output-vcf 1 > varscan.snp.chrX.vcf ' returned non-zero exit status 10.
  File "/diskmnt/Projects/Users/wliang/Germline_Noncoding/RegulatoryGermline/snakemake/local/Snakefile", line 61, in __rule_varscan_mpileup2snp
  File "/diskmnt/Projects/Users/wliang/miniconda3/envs/snakemake/lib/python3.6/concurrent/futures/thread.py", line 56, in run
Removing output files of failed job varscan_mpileup2snp since they might be corrupted:
varscan.snp.chrX.vcf
Finished job 151.
17 of 175 steps (10%) done
    Error in rule varscan_mpileup2snp:
        jobid: 44
        output: varscan.snp.chr5.vcf

RuleException:
CalledProcessError in line 61 of /diskmnt/Projects/Users/wliang/Germline_Noncoding/RegulatoryGermline/snakemake/local/Snakefile:
Command ' set -euo pipefail;  samtools mpileup -q 1 -Q 13 -f /diskmnt/Datasets/Reference/human_genome/GRCh37-lite/GRCh37-lite.fa -R chr5 /diskmnt/Datasets/TCGA/example_BAM/TCGA-73-4677-11A-01D-1203-02_IlluminaHiSeq-DNASeq_whole.bam | awk 'NR==6' | varscan mpileup2snp - --min-coverage 3 --min-var-freq 0.10 --p-value 0.10 --strand-filter 1 --output-vcf 1 > varscan.snp.chr5.vcf ' returned non-zero exit status 10.
  File "/diskmnt/Projects/Users/wliang/Germline_Noncoding/RegulatoryGermline/snakemake/local/Snakefile", line 61, in __rule_varscan_mpileup2snp
  File "/diskmnt/Projects/Users/wliang/miniconda3/envs/snakemake/lib/python3.6/concurrent/futures/thread.py", line 56, in run
Removing output files of failed job varscan_mpileup2snp since they might be corrupted:
varscan.snp.chr5.vcf
    Error in rule varscan_mpileup2snp:
        jobid: 41
        output: varscan.snp.chr3.vcf

RuleException:
CalledProcessError in line 61 of /diskmnt/Projects/Users/wliang/Germline_Noncoding/RegulatoryGermline/snakemake/local/Snakefile:
Command ' set -euo pipefail;  samtools mpileup -q 1 -Q 13 -f /diskmnt/Datasets/Reference/human_genome/GRCh37-lite/GRCh37-lite.fa -R chr3 /diskmnt/Datasets/TCGA/example_BAM/TCGA-73-4677-11A-01D-1203-02_IlluminaHiSeq-DNASeq_whole.bam | awk 'NR==6' | varscan mpileup2snp - --min-coverage 3 --min-var-freq 0.10 --p-value 0.10 --strand-filter 1 --output-vcf 1 > varscan.snp.chr3.vcf ' returned non-zero exit status 10.
  File "/diskmnt/Projects/Users/wliang/Germline_Noncoding/RegulatoryGermline/snakemake/local/Snakefile", line 61, in __rule_varscan_mpileup2snp
  File "/diskmnt/Projects/Users/wliang/miniconda3/envs/snakemake/lib/python3.6/concurrent/futures/thread.py", line 56, in run
Removing output files of failed job varscan_mpileup2snp since they might be corrupted:
varscan.snp.chr3.vcf
Finished job 161.
18 of 175 steps (10%) done
Finished job 173.
19 of 175 steps (11%) done
Finished job 170.
20 of 175 steps (11%) done
    Error in rule varscan_mpileup2indel:
        jobid: 63
        output: varscan.indel.chrX.vcf

RuleException:
CalledProcessError in line 69 of /diskmnt/Projects/Users/wliang/Germline_Noncoding/RegulatoryGermline/snakemake/local/Snakefile:
Command ' set -euo pipefail;  samtools mpileup -q 1 -Q 13 -f /diskmnt/Datasets/Reference/human_genome/GRCh37-lite/GRCh37-lite.fa -R chrX /diskmnt/Datasets/TCGA/example_BAM/TCGA-73-4677-11A-01D-1203-02_IlluminaHiSeq-DNASeq_whole.bam | awk 'NR==6' | varscan mpileup2indel - --min-coverage 3 --min-var-freq 0.10 --p-value 0.10 --strand-filter 1 --output-vcf 1 > varscan.indel.chrX.vcf ' returned non-zero exit status 10.
  File "/diskmnt/Projects/Users/wliang/Germline_Noncoding/RegulatoryGermline/snakemake/local/Snakefile", line 69, in __rule_varscan_mpileup2indel
  File "/diskmnt/Projects/Users/wliang/miniconda3/envs/snakemake/lib/python3.6/concurrent/futures/thread.py", line 56, in run
Removing output files of failed job varscan_mpileup2indel since they might be corrupted:
varscan.indel.chrX.vcf
    Error in rule varscan_mpileup2indel:
        jobid: 69
        output: varscan.indel.chr5.vcf

RuleException:
CalledProcessError in line 69 of /diskmnt/Projects/Users/wliang/Germline_Noncoding/RegulatoryGermline/snakemake/local/Snakefile:
Command ' set -euo pipefail;  samtools mpileup -q 1 -Q 13 -f /diskmnt/Datasets/Reference/human_genome/GRCh37-lite/GRCh37-lite.fa -R chr5 /diskmnt/Datasets/TCGA/example_BAM/TCGA-73-4677-11A-01D-1203-02_IlluminaHiSeq-DNASeq_whole.bam | awk 'NR==6' | varscan mpileup2indel - --min-coverage 3 --min-var-freq 0.10 --p-value 0.10 --strand-filter 1 --output-vcf 1 > varscan.indel.chr5.vcf ' returned non-zero exit status 10.
  File "/diskmnt/Projects/Users/wliang/Germline_Noncoding/RegulatoryGermline/snakemake/local/Snakefile", line 69, in __rule_varscan_mpileup2indel
  File "/diskmnt/Projects/Users/wliang/miniconda3/envs/snakemake/lib/python3.6/concurrent/futures/thread.py", line 56, in run
Removing output files of failed job varscan_mpileup2indel since they might be corrupted:
varscan.indel.chr5.vcf
Finished job 171.
21 of 175 steps (12%) done
    Error in rule varscan_mpileup2indel:
        jobid: 68
        output: varscan.indel.chr3.vcf

RuleException:
CalledProcessError in line 69 of /diskmnt/Projects/Users/wliang/Germline_Noncoding/RegulatoryGermline/snakemake/local/Snakefile:
Command ' set -euo pipefail;  samtools mpileup -q 1 -Q 13 -f /diskmnt/Datasets/Reference/human_genome/GRCh37-lite/GRCh37-lite.fa -R chr3 /diskmnt/Datasets/TCGA/example_BAM/TCGA-73-4677-11A-01D-1203-02_IlluminaHiSeq-DNASeq_whole.bam | awk 'NR==6' | varscan mpileup2indel - --min-coverage 3 --min-var-freq 0.10 --p-value 0.10 --strand-filter 1 --output-vcf 1 > varscan.indel.chr3.vcf ' returned non-zero exit status 10.
  File "/diskmnt/Projects/Users/wliang/Germline_Noncoding/RegulatoryGermline/snakemake/local/Snakefile", line 69, in __rule_varscan_mpileup2indel
  File "/diskmnt/Projects/Users/wliang/miniconda3/envs/snakemake/lib/python3.6/concurrent/futures/thread.py", line 56, in run
Removing output files of failed job varscan_mpileup2indel since they might be corrupted:
varscan.indel.chr3.vcf
    Error in rule varscan_mpileup2indel:
        jobid: 61
        output: varscan.indel.chrY.vcf

RuleException:
CalledProcessError in line 69 of /diskmnt/Projects/Users/wliang/Germline_Noncoding/RegulatoryGermline/snakemake/local/Snakefile:
Command ' set -euo pipefail;  samtools mpileup -q 1 -Q 13 -f /diskmnt/Datasets/Reference/human_genome/GRCh37-lite/GRCh37-lite.fa -R chrY /diskmnt/Datasets/TCGA/example_BAM/TCGA-73-4677-11A-01D-1203-02_IlluminaHiSeq-DNASeq_whole.bam | awk 'NR==6' | varscan mpileup2indel - --min-coverage 3 --min-var-freq 0.10 --p-value 0.10 --strand-filter 1 --output-vcf 1 > varscan.indel.chrY.vcf ' returned non-zero exit status 10.
  File "/diskmnt/Projects/Users/wliang/Germline_Noncoding/RegulatoryGermline/snakemake/local/Snakefile", line 69, in __rule_varscan_mpileup2indel
  File "/diskmnt/Projects/Users/wliang/miniconda3/envs/snakemake/lib/python3.6/concurrent/futures/thread.py", line 56, in run
Removing output files of failed job varscan_mpileup2indel since they might be corrupted:
varscan.indel.chrY.vcf
Finished job 158.
22 of 175 steps (13%) done
Finished job 166.
23 of 175 steps (13%) done
Finished job 155.
24 of 175 steps (14%) done
Shutting down, this might take some time.
Exiting because a job execution failed. Look above for error message
Complete log: /diskmnt/Projects/Users/wliang/Germline_Noncoding/RegulatoryGermline/snakemake/local/.snakemake/log/2018-07-06T003754.510929.snakemake.log
