Building DAG of jobs...
Using shell: /usr/bin/bash
Provided cores: 15
Rules claiming more threads will be scaled down.
Job counts:
	count	jobs
	1	filter
	24	filter_pindel
	1	gatk_merge_indel_vcf
	1	gatk_merge_snp_vcf
	24	gatk_selectvariant_indel
	24	gatk_selectvariant_snp
	1	merge_vcf
	24	pindel_call
	1	pindel_merge_vcf
	1	varscan_merge_indel_vcf
	1	varscan_merge_snp_vcf
	23	varscan_mpileup2indel
	21	varscan_mpileup2snp
	147

rule varscan_mpileup2indel:
    input: /diskmnt/Datasets/Reference/human_genome/GRCh37-lite/GRCh37-lite.fa, /diskmnt/Datasets/TCGA/example_BAM/TCGA-73-4677-11A-01D-1203-02_IlluminaHiSeq-DNASeq_whole.bam
    output: varscan.indel.chrY.vcf
    jobid: 61
    wildcards: ix=Y

samtools mpileup -q 1 -Q 13 -f /diskmnt/Datasets/Reference/human_genome/GRCh37-lite/GRCh37-lite.fa -r Y /diskmnt/Datasets/TCGA/example_BAM/TCGA-73-4677-11A-01D-1203-02_IlluminaHiSeq-DNASeq_whole.bam | varscan mpileup2indel - --min-coverage 3 --min-var-freq 0.10 --p-value 0.10 --strand-filter 1 --output-vcf 1 > varscan.indel.chrY.vcf

rule varscan_mpileup2indel:
    input: /diskmnt/Datasets/Reference/human_genome/GRCh37-lite/GRCh37-lite.fa, /diskmnt/Datasets/TCGA/example_BAM/TCGA-73-4677-11A-01D-1203-02_IlluminaHiSeq-DNASeq_whole.bam
    output: varscan.indel.chr10.vcf
    jobid: 75
    wildcards: ix=10

samtools mpileup -q 1 -Q 13 -f /diskmnt/Datasets/Reference/human_genome/GRCh37-lite/GRCh37-lite.fa -r 10 /diskmnt/Datasets/TCGA/example_BAM/TCGA-73-4677-11A-01D-1203-02_IlluminaHiSeq-DNASeq_whole.bam | varscan mpileup2indel - --min-coverage 3 --min-var-freq 0.10 --p-value 0.10 --strand-filter 1 --output-vcf 1 > varscan.indel.chr10.vcf

rule pindel_call:
    input: /diskmnt/Datasets/Reference/human_genome/GRCh37-lite/GRCh37-lite.fa, /diskmnt/Datasets/TCGA/example_BAM/TCGA-73-4677-11A-01D-1203-02_IlluminaHiSeq-DNASeq_whole.bam, pindel_config.txt
    output: pindel/chr18/pindel.out.chr18.raw
    jobid: 141
    wildcards: ix=18
    threads: 4

pindel -x 4 -w 0.1 -B 0 -M 3 -J pindel-centromere-exclude.bed -c 18 -T 4 -f /diskmnt/Datasets/Reference/human_genome/GRCh37-lite/GRCh37-lite.fa -i pindel_config.txt -o pindel/chr18/chr18 ; cat pindel/chr18/chr18_D pindel/chr18/chr18_INV pindel/chr18_TD pindel/chr18_SI | grep ChrID > pindel/chr18/pindel.out.chr18.raw

rule pindel_call:
    input: /diskmnt/Datasets/Reference/human_genome/GRCh37-lite/GRCh37-lite.fa, /diskmnt/Datasets/TCGA/example_BAM/TCGA-73-4677-11A-01D-1203-02_IlluminaHiSeq-DNASeq_whole.bam, pindel_config.txt
    output: pindel/chr19/pindel.out.chr19.raw
    jobid: 131
    wildcards: ix=19
    threads: 4

pindel -x 4 -w 0.1 -B 0 -M 3 -J pindel-centromere-exclude.bed -c 19 -T 4 -f /diskmnt/Datasets/Reference/human_genome/GRCh37-lite/GRCh37-lite.fa -i pindel_config.txt -o pindel/chr19/chr19 ; cat pindel/chr19/chr19_D pindel/chr19/chr19_INV pindel/chr19_TD pindel/chr19_SI | grep ChrID > pindel/chr19/pindel.out.chr19.raw

rule varscan_mpileup2snp:
    input: /diskmnt/Datasets/Reference/human_genome/GRCh37-lite/GRCh37-lite.fa, /diskmnt/Datasets/TCGA/example_BAM/TCGA-73-4677-11A-01D-1203-02_IlluminaHiSeq-DNASeq_whole.bam
    output: varscan.snp.chrX.vcf
    jobid: 109
    wildcards: ix=X

samtools mpileup -q 1 -Q 13 -f /diskmnt/Datasets/Reference/human_genome/GRCh37-lite/GRCh37-lite.fa -r X /diskmnt/Datasets/TCGA/example_BAM/TCGA-73-4677-11A-01D-1203-02_IlluminaHiSeq-DNASeq_whole.bam | varscan mpileup2snp - --min-coverage 3 --min-var-freq 0.10 --p-value 0.10 --strand-filter 1 --output-vcf 1 > varscan.snp.chrX.vcf

rule pindel_call:
    input: /diskmnt/Datasets/Reference/human_genome/GRCh37-lite/GRCh37-lite.fa, /diskmnt/Datasets/TCGA/example_BAM/TCGA-73-4677-11A-01D-1203-02_IlluminaHiSeq-DNASeq_whole.bam, pindel_config.txt
    output: pindel/chr6/pindel.out.chr6.raw
    jobid: 133
    wildcards: ix=6
    threads: 4

pindel -x 4 -w 0.1 -B 0 -M 3 -J pindel-centromere-exclude.bed -c 6 -T 4 -f /diskmnt/Datasets/Reference/human_genome/GRCh37-lite/GRCh37-lite.fa -i pindel_config.txt -o pindel/chr6/chr6 ; cat pindel/chr6/chr6_D pindel/chr6/chr6_INV pindel/chr6_TD pindel/chr6_SI | grep ChrID > pindel/chr6/pindel.out.chr6.raw
Finished job 61.
1 of 147 steps (0.68%) done

rule varscan_mpileup2snp:
    input: /diskmnt/Datasets/Reference/human_genome/GRCh37-lite/GRCh37-lite.fa, /diskmnt/Datasets/TCGA/example_BAM/TCGA-73-4677-11A-01D-1203-02_IlluminaHiSeq-DNASeq_whole.bam
    output: varscan.snp.chr9.vcf
    jobid: 110
    wildcards: ix=9

samtools mpileup -q 1 -Q 13 -f /diskmnt/Datasets/Reference/human_genome/GRCh37-lite/GRCh37-lite.fa -r 9 /diskmnt/Datasets/TCGA/example_BAM/TCGA-73-4677-11A-01D-1203-02_IlluminaHiSeq-DNASeq_whole.bam | varscan mpileup2snp - --min-coverage 3 --min-var-freq 0.10 --p-value 0.10 --strand-filter 1 --output-vcf 1 > varscan.snp.chr9.vcf
    Error in rule pindel_call:
        jobid: 141
        output: pindel/chr18/pindel.out.chr18.raw

RuleException:
CalledProcessError in line 99 of /diskmnt/Projects/Users/wliang/Germline_Noncoding/RegulatoryGermline/snakemake/local/Snakefile:
Command ' set -euo pipefail;  pindel -x 4 -w 0.1 -B 0 -M 3 -J pindel-centromere-exclude.bed -c 18 -T 4 -f /diskmnt/Datasets/Reference/human_genome/GRCh37-lite/GRCh37-lite.fa -i pindel_config.txt -o pindel/chr18/chr18 ; cat pindel/chr18/chr18_D pindel/chr18/chr18_INV pindel/chr18_TD pindel/chr18_SI | grep ChrID > pindel/chr18/pindel.out.chr18.raw ' returned non-zero exit status 1.
  File "/diskmnt/Projects/Users/wliang/Germline_Noncoding/RegulatoryGermline/snakemake/local/Snakefile", line 99, in __rule_pindel_call
  File "/diskmnt/Projects/Users/wliang/miniconda3/envs/snakemake/lib/python3.6/concurrent/futures/thread.py", line 56, in run
Removing output files of failed job pindel_call since they might be corrupted:
pindel/chr18/pindel.out.chr18.raw
Finished job 109.
2 of 147 steps (1%) done
    Error in rule pindel_call:
        jobid: 131
        output: pindel/chr19/pindel.out.chr19.raw

RuleException:
CalledProcessError in line 99 of /diskmnt/Projects/Users/wliang/Germline_Noncoding/RegulatoryGermline/snakemake/local/Snakefile:
Command ' set -euo pipefail;  pindel -x 4 -w 0.1 -B 0 -M 3 -J pindel-centromere-exclude.bed -c 19 -T 4 -f /diskmnt/Datasets/Reference/human_genome/GRCh37-lite/GRCh37-lite.fa -i pindel_config.txt -o pindel/chr19/chr19 ; cat pindel/chr19/chr19_D pindel/chr19/chr19_INV pindel/chr19_TD pindel/chr19_SI | grep ChrID > pindel/chr19/pindel.out.chr19.raw ' returned non-zero exit status 1.
  File "/diskmnt/Projects/Users/wliang/Germline_Noncoding/RegulatoryGermline/snakemake/local/Snakefile", line 99, in __rule_pindel_call
  File "/diskmnt/Projects/Users/wliang/miniconda3/envs/snakemake/lib/python3.6/concurrent/futures/thread.py", line 56, in run
Removing output files of failed job pindel_call since they might be corrupted:
pindel/chr19/pindel.out.chr19.raw
    Error in rule pindel_call:
        jobid: 133
        output: pindel/chr6/pindel.out.chr6.raw

RuleException:
CalledProcessError in line 99 of /diskmnt/Projects/Users/wliang/Germline_Noncoding/RegulatoryGermline/snakemake/local/Snakefile:
Command ' set -euo pipefail;  pindel -x 4 -w 0.1 -B 0 -M 3 -J pindel-centromere-exclude.bed -c 6 -T 4 -f /diskmnt/Datasets/Reference/human_genome/GRCh37-lite/GRCh37-lite.fa -i pindel_config.txt -o pindel/chr6/chr6 ; cat pindel/chr6/chr6_D pindel/chr6/chr6_INV pindel/chr6_TD pindel/chr6_SI | grep ChrID > pindel/chr6/pindel.out.chr6.raw ' returned non-zero exit status 1.
  File "/diskmnt/Projects/Users/wliang/Germline_Noncoding/RegulatoryGermline/snakemake/local/Snakefile", line 99, in __rule_pindel_call
  File "/diskmnt/Projects/Users/wliang/miniconda3/envs/snakemake/lib/python3.6/concurrent/futures/thread.py", line 56, in run
Removing output files of failed job pindel_call since they might be corrupted:
pindel/chr6/pindel.out.chr6.raw
Finished job 110.
3 of 147 steps (2%) done
Finished job 75.
4 of 147 steps (3%) done
Shutting down, this might take some time.
Exiting because a job execution failed. Look above for error message
Complete log: /diskmnt/Projects/Users/wliang/Germline_Noncoding/RegulatoryGermline/snakemake/local/.snakemake/log/2018-07-06T163045.414010.snakemake.log
