Building DAG of jobs...
Using shell: /usr/bin/bash
Provided cores: 15
Rules claiming more threads will be scaled down.
Job counts:
	count	jobs
	1	filter
	24	filter_pindel
	24	index_pindel
	1	merge_vcf
	24	pindel_call
	1	pindel_merge_vcf
	1	varscan_merge_indel_vcf
	1	varscan_merge_snp_vcf
	77

rule pindel_call:
    input: /diskmnt/Datasets/Reference/human_genome/GRCh37-lite/GRCh37-lite.fa, /diskmnt/Datasets/TCGA/example_BAM/TCGA-73-4677-11A-01D-1203-02_IlluminaHiSeq-DNASeq_whole.bam, pindel_config.txt
    output: pindel/chr15/pindel.out.chr15.raw
    jobid: 182
    wildcards: ix=15
    threads: 4

pindel -x 4 -w 0.1 -B 0 -M 3 -J pindel-centromere-exclude.bed -c 15 -T 4 -f /diskmnt/Datasets/Reference/human_genome/GRCh37-lite/GRCh37-lite.fa -i pindel_config.txt -o pindel/chr15/chr15 ; cat pindel/chr15/chr15_D pindel/chr15/chr15_INV pindel/chr15/chr15_TD pindel/chr15/chr15_SI | grep ChrID > pindel/chr15/pindel.out.chr15.raw

rule pindel_call:
    input: /diskmnt/Datasets/Reference/human_genome/GRCh37-lite/GRCh37-lite.fa, /diskmnt/Datasets/TCGA/example_BAM/TCGA-73-4677-11A-01D-1203-02_IlluminaHiSeq-DNASeq_whole.bam, pindel_config.txt
    output: pindel/chrX/pindel.out.chrX.raw
    jobid: 194
    wildcards: ix=X
    threads: 4

pindel -x 4 -w 0.1 -B 0 -M 3 -J pindel-centromere-exclude.bed -c X -T 4 -f /diskmnt/Datasets/Reference/human_genome/GRCh37-lite/GRCh37-lite.fa -i pindel_config.txt -o pindel/chrX/chrX ; cat pindel/chrX/chrX_D pindel/chrX/chrX_INV pindel/chrX/chrX_TD pindel/chrX/chrX_SI | grep ChrID > pindel/chrX/pindel.out.chrX.raw

rule pindel_call:
    input: /diskmnt/Datasets/Reference/human_genome/GRCh37-lite/GRCh37-lite.fa, /diskmnt/Datasets/TCGA/example_BAM/TCGA-73-4677-11A-01D-1203-02_IlluminaHiSeq-DNASeq_whole.bam, pindel_config.txt
    output: pindel/chr22/pindel.out.chr22.raw
    jobid: 178
    wildcards: ix=22
    threads: 4

pindel -x 4 -w 0.1 -B 0 -M 3 -J pindel-centromere-exclude.bed -c 22 -T 4 -f /diskmnt/Datasets/Reference/human_genome/GRCh37-lite/GRCh37-lite.fa -i pindel_config.txt -o pindel/chr22/chr22 ; cat pindel/chr22/chr22_D pindel/chr22/chr22_INV pindel/chr22/chr22_TD pindel/chr22/chr22_SI | grep ChrID > pindel/chr22/pindel.out.chr22.raw

rule varscan_merge_indel_vcf:
    input: varscan.indel.chr1.vcf, varscan.indel.chr2.vcf, varscan.indel.chr3.vcf, varscan.indel.chr4.vcf, varscan.indel.chr5.vcf, varscan.indel.chr6.vcf, varscan.indel.chr7.vcf, varscan.indel.chr8.vcf, varscan.indel.chr9.vcf, varscan.indel.chr10.vcf, varscan.indel.chr11.vcf, varscan.indel.chr12.vcf, varscan.indel.chr13.vcf, varscan.indel.chr14.vcf, varscan.indel.chr15.vcf, varscan.indel.chr16.vcf, varscan.indel.chr17.vcf, varscan.indel.chr18.vcf, varscan.indel.chr19.vcf, varscan.indel.chr20.vcf, varscan.indel.chr21.vcf, varscan.indel.chr22.vcf, varscan.indel.chrX.vcf, varscan.indel.chrY.vcf
    output: varscan.indel.vcf
    jobid: 4

rule varscan_merge_snp_vcf:
    input: varscan.snp.chr1.vcf, varscan.snp.chr2.vcf, varscan.snp.chr3.vcf, varscan.snp.chr4.vcf, varscan.snp.chr5.vcf, varscan.snp.chr6.vcf, varscan.snp.chr7.vcf, varscan.snp.chr8.vcf, varscan.snp.chr9.vcf, varscan.snp.chr10.vcf, varscan.snp.chr11.vcf, varscan.snp.chr12.vcf, varscan.snp.chr13.vcf, varscan.snp.chr14.vcf, varscan.snp.chr15.vcf, varscan.snp.chr16.vcf, varscan.snp.chr17.vcf, varscan.snp.chr18.vcf, varscan.snp.chr19.vcf, varscan.snp.chr20.vcf, varscan.snp.chr21.vcf, varscan.snp.chr22.vcf, varscan.snp.chrX.vcf, varscan.snp.chrY.vcf
    output: varscan.snp.vcf
    jobid: 6

/diskmnt/Projects/Users/wliang/miniconda3/envs/snakemake/bin/python /diskmnt/Projects/Users/wliang/Germline_Noncoding/RegulatoryGermline/snakemake/local/.snakemake/scripts/mey2_29b.wrapper.py
/diskmnt/Projects/Users/wliang/miniconda3/envs/snakemake/bin/python /diskmnt/Projects/Users/wliang/Germline_Noncoding/RegulatoryGermline/snakemake/local/.snakemake/scripts/ui6bz9au.wrapper.py
    Error in rule varscan_merge_indel_vcf:
        jobid: 4
        output: varscan.indel.vcf

RuleException:
CalledProcessError in line 79 of /diskmnt/Projects/Users/wliang/Germline_Noncoding/RegulatoryGermline/snakemake/local/Snakefile:
Command ' set -euo pipefail;  /diskmnt/Projects/Users/wliang/miniconda3/envs/snakemake/bin/python /diskmnt/Projects/Users/wliang/Germline_Noncoding/RegulatoryGermline/snakemake/local/.snakemake/scripts/mey2_29b.wrapper.py ' returned non-zero exit status 1.
  File "/diskmnt/Projects/Users/wliang/Germline_Noncoding/RegulatoryGermline/snakemake/local/Snakefile", line 79, in __rule_varscan_merge_indel_vcf
  File "/diskmnt/Projects/Users/wliang/miniconda3/envs/snakemake/lib/python3.6/concurrent/futures/thread.py", line 56, in run
Removing output files of failed job varscan_merge_indel_vcf since they might be corrupted:
varscan.indel.vcf
    Error in rule varscan_merge_snp_vcf:
        jobid: 6
        output: varscan.snp.vcf

RuleException:
CalledProcessError in line 74 of /diskmnt/Projects/Users/wliang/Germline_Noncoding/RegulatoryGermline/snakemake/local/Snakefile:
Command ' set -euo pipefail;  /diskmnt/Projects/Users/wliang/miniconda3/envs/snakemake/bin/python /diskmnt/Projects/Users/wliang/Germline_Noncoding/RegulatoryGermline/snakemake/local/.snakemake/scripts/ui6bz9au.wrapper.py ' returned non-zero exit status 1.
  File "/diskmnt/Projects/Users/wliang/Germline_Noncoding/RegulatoryGermline/snakemake/local/Snakefile", line 74, in __rule_varscan_merge_snp_vcf
  File "/diskmnt/Projects/Users/wliang/miniconda3/envs/snakemake/lib/python3.6/concurrent/futures/thread.py", line 56, in run
Removing output files of failed job varscan_merge_snp_vcf since they might be corrupted:
varscan.snp.vcf
Terminating processes on user request, this might take some time.
    Error in rule pindel_call:
        jobid: 178
        output: pindel/chr22/pindel.out.chr22.raw

RuleException:
CalledProcessError in line 99 of /diskmnt/Projects/Users/wliang/Germline_Noncoding/RegulatoryGermline/snakemake/local/Snakefile:
Command ' set -euo pipefail;  pindel -x 4 -w 0.1 -B 0 -M 3 -J pindel-centromere-exclude.bed -c 22 -T 4 -f /diskmnt/Datasets/Reference/human_genome/GRCh37-lite/GRCh37-lite.fa -i pindel_config.txt -o pindel/chr22/chr22 ; cat pindel/chr22/chr22_D pindel/chr22/chr22_INV pindel/chr22/chr22_TD pindel/chr22/chr22_SI | grep ChrID > pindel/chr22/pindel.out.chr22.raw ' died with <Signals.SIGINT: 2>.
  File "/diskmnt/Projects/Users/wliang/Germline_Noncoding/RegulatoryGermline/snakemake/local/Snakefile", line 99, in __rule_pindel_call
  File "/diskmnt/Projects/Users/wliang/miniconda3/envs/snakemake/lib/python3.6/concurrent/futures/thread.py", line 56, in run
    Error in rule pindel_call:
        jobid: 194
        output: pindel/chrX/pindel.out.chrX.raw

RuleException:
CalledProcessError in line 99 of /diskmnt/Projects/Users/wliang/Germline_Noncoding/RegulatoryGermline/snakemake/local/Snakefile:
Command ' set -euo pipefail;  pindel -x 4 -w 0.1 -B 0 -M 3 -J pindel-centromere-exclude.bed -c X -T 4 -f /diskmnt/Datasets/Reference/human_genome/GRCh37-lite/GRCh37-lite.fa -i pindel_config.txt -o pindel/chrX/chrX ; cat pindel/chrX/chrX_D pindel/chrX/chrX_INV pindel/chrX/chrX_TD pindel/chrX/chrX_SI | grep ChrID > pindel/chrX/pindel.out.chrX.raw ' died with <Signals.SIGINT: 2>.
  File "/diskmnt/Projects/Users/wliang/Germline_Noncoding/RegulatoryGermline/snakemake/local/Snakefile", line 99, in __rule_pindel_call
  File "/diskmnt/Projects/Users/wliang/miniconda3/envs/snakemake/lib/python3.6/concurrent/futures/thread.py", line 56, in run
    Error in rule pindel_call:
        jobid: 182
        output: pindel/chr15/pindel.out.chr15.raw

RuleException:
CalledProcessError in line 99 of /diskmnt/Projects/Users/wliang/Germline_Noncoding/RegulatoryGermline/snakemake/local/Snakefile:
Command ' set -euo pipefail;  pindel -x 4 -w 0.1 -B 0 -M 3 -J pindel-centromere-exclude.bed -c 15 -T 4 -f /diskmnt/Datasets/Reference/human_genome/GRCh37-lite/GRCh37-lite.fa -i pindel_config.txt -o pindel/chr15/chr15 ; cat pindel/chr15/chr15_D pindel/chr15/chr15_INV pindel/chr15/chr15_TD pindel/chr15/chr15_SI | grep ChrID > pindel/chr15/pindel.out.chr15.raw ' died with <Signals.SIGINT: 2>.
  File "/diskmnt/Projects/Users/wliang/Germline_Noncoding/RegulatoryGermline/snakemake/local/Snakefile", line 99, in __rule_pindel_call
  File "/diskmnt/Projects/Users/wliang/miniconda3/envs/snakemake/lib/python3.6/concurrent/futures/thread.py", line 56, in run
Complete log: /diskmnt/Projects/Users/wliang/Germline_Noncoding/RegulatoryGermline/snakemake/local/.snakemake/log/2018-07-08T003617.037657.snakemake.log
