Building DAG of jobs...
Using shell: /usr/bin/bash
Provided cores: 8
Rules claiming more threads will be scaled down.
Job counts:
	count	jobs
	1	gatk_haplotypecaller
	1	gatk_selectvariant_snp
	2

rule gatk_haplotypecaller:
    input: /diskmnt/Datasets/Reference/human_genome/GRCh37-lite/GRCh37-lite.fa, /diskmnt/Datasets/TCGA/example_BAM/TCGA-73-4677-11A-01D-1203-02_IlluminaHiSeq-DNASeq_whole.bam, /diskmnt/Projects/Users/wliang/Germline_Noncoding/06_Cloud_Variant_Calling/RegulatoryGermline/reference/interval_chrY.list
    output: gatk.raw.vcf
    jobid: 1

gatk HaplotypeCaller -R /diskmnt/Datasets/Reference/human_genome/GRCh37-lite/GRCh37-lite.fa -I /diskmnt/Datasets/TCGA/example_BAM/TCGA-73-4677-11A-01D-1203-02_IlluminaHiSeq-DNASeq_whole.bam -L /diskmnt/Projects/Users/wliang/Germline_Noncoding/06_Cloud_Variant_Calling/RegulatoryGermline/reference/interval_chrY.list -O gatk.raw.vcf --standard-min-confidence-threshold-for-calling 30.0
Finished job 1.
1 of 2 steps (50%) done

rule gatk_selectvariant_snp:
    input: /diskmnt/Datasets/Reference/human_genome/GRCh37-lite/GRCh37-lite.fa, gatk.raw.vcf
    output: gatk.snp.vcf
    jobid: 0

RuleException in line 16 of /diskmnt/Projects/Users/wliang/Germline_Noncoding/06_Cloud_Variant_Calling/RegulatoryGermline/snakemake/local/Snakefile:
'InputFiles' object has no attribute 'output'
