Building DAG of jobs...
Using shell: /usr/bin/bash
Provided cores: 15
Rules claiming more threads will be scaled down.
Job counts:
	count	jobs
	1	filter
	24	filter_pindel
	1	gatk_merge_indel_vcf
	1	gatk_merge_snp_vcf
	24	gatk_selectvariant_indel
	24	gatk_selectvariant_snp
	1	merge_vcf
	24	pindel_call
	1	pindel_merge_vcf
	1	varscan_merge_indel_vcf
	1	varscan_merge_snp_vcf
	20	varscan_mpileup2indel
	17	varscan_mpileup2snp
	140

rule varscan_mpileup2snp:
    input: /diskmnt/Datasets/Reference/human_genome/GRCh37-lite/GRCh37-lite.fa, /diskmnt/Datasets/TCGA/example_BAM/TCGA-73-4677-11A-01D-1203-02_IlluminaHiSeq-DNASeq_whole.bam
    output: varscan.snp.chr18.vcf
    jobid: 103
    wildcards: ix=18

samtools mpileup -q 1 -Q 13 -f /diskmnt/Datasets/Reference/human_genome/GRCh37-lite/GRCh37-lite.fa -r 18 /diskmnt/Datasets/TCGA/example_BAM/TCGA-73-4677-11A-01D-1203-02_IlluminaHiSeq-DNASeq_whole.bam | varscan mpileup2snp - --min-coverage 3 --min-var-freq 0.10 --p-value 0.10 --strand-filter 1 --output-vcf 1 > varscan.snp.chr18.vcf

rule pindel_call:
    input: /diskmnt/Datasets/Reference/human_genome/GRCh37-lite/GRCh37-lite.fa, /diskmnt/Datasets/TCGA/example_BAM/TCGA-73-4677-11A-01D-1203-02_IlluminaHiSeq-DNASeq_whole.bam, pindel_config.txt
    output: pindel/chr11/pindel.out.chr11.raw
    jobid: 144
    wildcards: ix=11
    threads: 4

pindel -x 4 -w 0.1 -B 0 -M 3 -J pindel-centromere-exclude.bed -c 11 -T 4 -f /diskmnt/Datasets/Reference/human_genome/GRCh37-lite/GRCh37-lite.fa -i pindel_config.txt -o pindel/chr11/chr11 ; cat pindel/chr11/chr11_D pindel/chr11/chr11_INV pindel/chr11/chr11_TD pindel/chr11/chr11_SI | grep ChrID > pindel/chr11/pindel.out.chr11.raw

rule pindel_call:
    input: /diskmnt/Datasets/Reference/human_genome/GRCh37-lite/GRCh37-lite.fa, /diskmnt/Datasets/TCGA/example_BAM/TCGA-73-4677-11A-01D-1203-02_IlluminaHiSeq-DNASeq_whole.bam, pindel_config.txt
    output: pindel/chr17/pindel.out.chr17.raw
    jobid: 138
    wildcards: ix=17
    threads: 4

pindel -x 4 -w 0.1 -B 0 -M 3 -J pindel-centromere-exclude.bed -c 17 -T 4 -f /diskmnt/Datasets/Reference/human_genome/GRCh37-lite/GRCh37-lite.fa -i pindel_config.txt -o pindel/chr17/chr17 ; cat pindel/chr17/chr17_D pindel/chr17/chr17_INV pindel/chr17/chr17_TD pindel/chr17/chr17_SI | grep ChrID > pindel/chr17/pindel.out.chr17.raw

rule pindel_call:
    input: /diskmnt/Datasets/Reference/human_genome/GRCh37-lite/GRCh37-lite.fa, /diskmnt/Datasets/TCGA/example_BAM/TCGA-73-4677-11A-01D-1203-02_IlluminaHiSeq-DNASeq_whole.bam, pindel_config.txt
    output: pindel/chrX/pindel.out.chrX.raw
    jobid: 141
    wildcards: ix=X
    threads: 4

pindel -x 4 -w 0.1 -B 0 -M 3 -J pindel-centromere-exclude.bed -c X -T 4 -f /diskmnt/Datasets/Reference/human_genome/GRCh37-lite/GRCh37-lite.fa -i pindel_config.txt -o pindel/chrX/chrX ; cat pindel/chrX/chrX_D pindel/chrX/chrX_INV pindel/chrX/chrX_TD pindel/chrX/chrX_SI | grep ChrID > pindel/chrX/pindel.out.chrX.raw

rule varscan_mpileup2indel:
    input: /diskmnt/Datasets/Reference/human_genome/GRCh37-lite/GRCh37-lite.fa, /diskmnt/Datasets/TCGA/example_BAM/TCGA-73-4677-11A-01D-1203-02_IlluminaHiSeq-DNASeq_whole.bam
    output: varscan.indel.chr1.vcf
    jobid: 42
    wildcards: ix=1

samtools mpileup -q 1 -Q 13 -f /diskmnt/Datasets/Reference/human_genome/GRCh37-lite/GRCh37-lite.fa -r 1 /diskmnt/Datasets/TCGA/example_BAM/TCGA-73-4677-11A-01D-1203-02_IlluminaHiSeq-DNASeq_whole.bam | varscan mpileup2indel - --min-coverage 3 --min-var-freq 0.10 --p-value 0.10 --strand-filter 1 --output-vcf 1 > varscan.indel.chr1.vcf

rule varscan_mpileup2indel:
    input: /diskmnt/Datasets/Reference/human_genome/GRCh37-lite/GRCh37-lite.fa, /diskmnt/Datasets/TCGA/example_BAM/TCGA-73-4677-11A-01D-1203-02_IlluminaHiSeq-DNASeq_whole.bam
    output: varscan.indel.chr3.vcf
    jobid: 54
    wildcards: ix=3

samtools mpileup -q 1 -Q 13 -f /diskmnt/Datasets/Reference/human_genome/GRCh37-lite/GRCh37-lite.fa -r 3 /diskmnt/Datasets/TCGA/example_BAM/TCGA-73-4677-11A-01D-1203-02_IlluminaHiSeq-DNASeq_whole.bam | varscan mpileup2indel - --min-coverage 3 --min-var-freq 0.10 --p-value 0.10 --strand-filter 1 --output-vcf 1 > varscan.indel.chr3.vcf
Finished job 103.
1 of 140 steps (0.71%) done

rule varscan_mpileup2indel:
    input: /diskmnt/Datasets/Reference/human_genome/GRCh37-lite/GRCh37-lite.fa, /diskmnt/Datasets/TCGA/example_BAM/TCGA-73-4677-11A-01D-1203-02_IlluminaHiSeq-DNASeq_whole.bam
    output: varscan.indel.chr19.vcf
    jobid: 39
    wildcards: ix=19

samtools mpileup -q 1 -Q 13 -f /diskmnt/Datasets/Reference/human_genome/GRCh37-lite/GRCh37-lite.fa -r 19 /diskmnt/Datasets/TCGA/example_BAM/TCGA-73-4677-11A-01D-1203-02_IlluminaHiSeq-DNASeq_whole.bam | varscan mpileup2indel - --min-coverage 3 --min-var-freq 0.10 --p-value 0.10 --strand-filter 1 --output-vcf 1 > varscan.indel.chr19.vcf
Finished job 141.
2 of 140 steps (1%) done

rule pindel_call:
    input: /diskmnt/Datasets/Reference/human_genome/GRCh37-lite/GRCh37-lite.fa, /diskmnt/Datasets/TCGA/example_BAM/TCGA-73-4677-11A-01D-1203-02_IlluminaHiSeq-DNASeq_whole.bam, pindel_config.txt
    output: pindel/chr7/pindel.out.chr7.raw
    jobid: 133
    wildcards: ix=7
    threads: 4

pindel -x 4 -w 0.1 -B 0 -M 3 -J pindel-centromere-exclude.bed -c 7 -T 4 -f /diskmnt/Datasets/Reference/human_genome/GRCh37-lite/GRCh37-lite.fa -i pindel_config.txt -o pindel/chr7/chr7 ; cat pindel/chr7/chr7_D pindel/chr7/chr7_INV pindel/chr7/chr7_TD pindel/chr7/chr7_SI | grep ChrID > pindel/chr7/pindel.out.chr7.raw
Finished job 138.
3 of 140 steps (2%) done

rule pindel_call:
    input: /diskmnt/Datasets/Reference/human_genome/GRCh37-lite/GRCh37-lite.fa, /diskmnt/Datasets/TCGA/example_BAM/TCGA-73-4677-11A-01D-1203-02_IlluminaHiSeq-DNASeq_whole.bam, pindel_config.txt
    output: pindel/chrY/pindel.out.chrY.raw
    jobid: 131
    wildcards: ix=Y
    threads: 4

pindel -x 4 -w 0.1 -B 0 -M 3 -J pindel-centromere-exclude.bed -c Y -T 4 -f /diskmnt/Datasets/Reference/human_genome/GRCh37-lite/GRCh37-lite.fa -i pindel_config.txt -o pindel/chrY/chrY ; cat pindel/chrY/chrY_D pindel/chrY/chrY_INV pindel/chrY/chrY_TD pindel/chrY/chrY_SI | grep ChrID > pindel/chrY/pindel.out.chrY.raw
Finished job 144.
4 of 140 steps (3%) done

rule pindel_call:
    input: /diskmnt/Datasets/Reference/human_genome/GRCh37-lite/GRCh37-lite.fa, /diskmnt/Datasets/TCGA/example_BAM/TCGA-73-4677-11A-01D-1203-02_IlluminaHiSeq-DNASeq_whole.bam, pindel_config.txt
    output: pindel/chr20/pindel.out.chr20.raw
    jobid: 140
    wildcards: ix=20
    threads: 4

pindel -x 4 -w 0.1 -B 0 -M 3 -J pindel-centromere-exclude.bed -c 20 -T 4 -f /diskmnt/Datasets/Reference/human_genome/GRCh37-lite/GRCh37-lite.fa -i pindel_config.txt -o pindel/chr20/chr20 ; cat pindel/chr20/chr20_D pindel/chr20/chr20_INV pindel/chr20/chr20_TD pindel/chr20/chr20_SI | grep ChrID > pindel/chr20/pindel.out.chr20.raw
Finished job 131.
5 of 140 steps (4%) done

rule pindel_call:
    input: /diskmnt/Datasets/Reference/human_genome/GRCh37-lite/GRCh37-lite.fa, /diskmnt/Datasets/TCGA/example_BAM/TCGA-73-4677-11A-01D-1203-02_IlluminaHiSeq-DNASeq_whole.bam, pindel_config.txt
    output: pindel/chr3/pindel.out.chr3.raw
    jobid: 136
    wildcards: ix=3
    threads: 4

pindel -x 4 -w 0.1 -B 0 -M 3 -J pindel-centromere-exclude.bed -c 3 -T 4 -f /diskmnt/Datasets/Reference/human_genome/GRCh37-lite/GRCh37-lite.fa -i pindel_config.txt -o pindel/chr3/chr3 ; cat pindel/chr3/chr3_D pindel/chr3/chr3_INV pindel/chr3/chr3_TD pindel/chr3/chr3_SI | grep ChrID > pindel/chr3/pindel.out.chr3.raw
Finished job 39.
6 of 140 steps (4%) done

rule varscan_mpileup2indel:
    input: /diskmnt/Datasets/Reference/human_genome/GRCh37-lite/GRCh37-lite.fa, /diskmnt/Datasets/TCGA/example_BAM/TCGA-73-4677-11A-01D-1203-02_IlluminaHiSeq-DNASeq_whole.bam
    output: varscan.indel.chr16.vcf
    jobid: 32
    wildcards: ix=16

samtools mpileup -q 1 -Q 13 -f /diskmnt/Datasets/Reference/human_genome/GRCh37-lite/GRCh37-lite.fa -r 16 /diskmnt/Datasets/TCGA/example_BAM/TCGA-73-4677-11A-01D-1203-02_IlluminaHiSeq-DNASeq_whole.bam | varscan mpileup2indel - --min-coverage 3 --min-var-freq 0.10 --p-value 0.10 --strand-filter 1 --output-vcf 1 > varscan.indel.chr16.vcf
Finished job 54.
7 of 140 steps (5%) done

rule varscan_mpileup2snp:
    input: /diskmnt/Datasets/Reference/human_genome/GRCh37-lite/GRCh37-lite.fa, /diskmnt/Datasets/TCGA/example_BAM/TCGA-73-4677-11A-01D-1203-02_IlluminaHiSeq-DNASeq_whole.bam
    output: varscan.snp.chr4.vcf
    jobid: 109
    wildcards: ix=4

samtools mpileup -q 1 -Q 13 -f /diskmnt/Datasets/Reference/human_genome/GRCh37-lite/GRCh37-lite.fa -r 4 /diskmnt/Datasets/TCGA/example_BAM/TCGA-73-4677-11A-01D-1203-02_IlluminaHiSeq-DNASeq_whole.bam | varscan mpileup2snp - --min-coverage 3 --min-var-freq 0.10 --p-value 0.10 --strand-filter 1 --output-vcf 1 > varscan.snp.chr4.vcf
Finished job 140.
8 of 140 steps (6%) done

rule pindel_call:
    input: /diskmnt/Datasets/Reference/human_genome/GRCh37-lite/GRCh37-lite.fa, /diskmnt/Datasets/TCGA/example_BAM/TCGA-73-4677-11A-01D-1203-02_IlluminaHiSeq-DNASeq_whole.bam, pindel_config.txt
    output: pindel/chr16/pindel.out.chr16.raw
    jobid: 142
    wildcards: ix=16
    threads: 4

pindel -x 4 -w 0.1 -B 0 -M 3 -J pindel-centromere-exclude.bed -c 16 -T 4 -f /diskmnt/Datasets/Reference/human_genome/GRCh37-lite/GRCh37-lite.fa -i pindel_config.txt -o pindel/chr16/chr16 ; cat pindel/chr16/chr16_D pindel/chr16/chr16_INV pindel/chr16/chr16_TD pindel/chr16/chr16_SI | grep ChrID > pindel/chr16/pindel.out.chr16.raw
Finished job 133.
9 of 140 steps (6%) done

rule pindel_call:
    input: /diskmnt/Datasets/Reference/human_genome/GRCh37-lite/GRCh37-lite.fa, /diskmnt/Datasets/TCGA/example_BAM/TCGA-73-4677-11A-01D-1203-02_IlluminaHiSeq-DNASeq_whole.bam, pindel_config.txt
    output: pindel/chr19/pindel.out.chr19.raw
    jobid: 143
    wildcards: ix=19
    threads: 4

pindel -x 4 -w 0.1 -B 0 -M 3 -J pindel-centromere-exclude.bed -c 19 -T 4 -f /diskmnt/Datasets/Reference/human_genome/GRCh37-lite/GRCh37-lite.fa -i pindel_config.txt -o pindel/chr19/chr19 ; cat pindel/chr19/chr19_D pindel/chr19/chr19_INV pindel/chr19/chr19_TD pindel/chr19/chr19_SI | grep ChrID > pindel/chr19/pindel.out.chr19.raw
Finished job 32.
10 of 140 steps (7%) done

rule varscan_mpileup2indel:
    input: /diskmnt/Datasets/Reference/human_genome/GRCh37-lite/GRCh37-lite.fa, /diskmnt/Datasets/TCGA/example_BAM/TCGA-73-4677-11A-01D-1203-02_IlluminaHiSeq-DNASeq_whole.bam
    output: varscan.indel.chr20.vcf
    jobid: 45
    wildcards: ix=20

samtools mpileup -q 1 -Q 13 -f /diskmnt/Datasets/Reference/human_genome/GRCh37-lite/GRCh37-lite.fa -r 20 /diskmnt/Datasets/TCGA/example_BAM/TCGA-73-4677-11A-01D-1203-02_IlluminaHiSeq-DNASeq_whole.bam | varscan mpileup2indel - --min-coverage 3 --min-var-freq 0.10 --p-value 0.10 --strand-filter 1 --output-vcf 1 > varscan.indel.chr20.vcf
Finished job 42.
11 of 140 steps (8%) done

rule varscan_mpileup2indel:
    input: /diskmnt/Datasets/Reference/human_genome/GRCh37-lite/GRCh37-lite.fa, /diskmnt/Datasets/TCGA/example_BAM/TCGA-73-4677-11A-01D-1203-02_IlluminaHiSeq-DNASeq_whole.bam
    output: varscan.indel.chrX.vcf
    jobid: 37
    wildcards: ix=X

samtools mpileup -q 1 -Q 13 -f /diskmnt/Datasets/Reference/human_genome/GRCh37-lite/GRCh37-lite.fa -r X /diskmnt/Datasets/TCGA/example_BAM/TCGA-73-4677-11A-01D-1203-02_IlluminaHiSeq-DNASeq_whole.bam | varscan mpileup2indel - --min-coverage 3 --min-var-freq 0.10 --p-value 0.10 --strand-filter 1 --output-vcf 1 > varscan.indel.chrX.vcf
Finished job 136.
12 of 140 steps (9%) done

rule pindel_call:
    input: /diskmnt/Datasets/Reference/human_genome/GRCh37-lite/GRCh37-lite.fa, /diskmnt/Datasets/TCGA/example_BAM/TCGA-73-4677-11A-01D-1203-02_IlluminaHiSeq-DNASeq_whole.bam, pindel_config.txt
    output: pindel/chr1/pindel.out.chr1.raw
    jobid: 128
    wildcards: ix=1
    threads: 4

pindel -x 4 -w 0.1 -B 0 -M 3 -J pindel-centromere-exclude.bed -c 1 -T 4 -f /diskmnt/Datasets/Reference/human_genome/GRCh37-lite/GRCh37-lite.fa -i pindel_config.txt -o pindel/chr1/chr1 ; cat pindel/chr1/chr1_D pindel/chr1/chr1_INV pindel/chr1/chr1_TD pindel/chr1/chr1_SI | grep ChrID > pindel/chr1/pindel.out.chr1.raw
Finished job 142.
13 of 140 steps (9%) done

rule pindel_call:
    input: /diskmnt/Datasets/Reference/human_genome/GRCh37-lite/GRCh37-lite.fa, /diskmnt/Datasets/TCGA/example_BAM/TCGA-73-4677-11A-01D-1203-02_IlluminaHiSeq-DNASeq_whole.bam, pindel_config.txt
    output: pindel/chr10/pindel.out.chr10.raw
    jobid: 150
    wildcards: ix=10
    threads: 4

pindel -x 4 -w 0.1 -B 0 -M 3 -J pindel-centromere-exclude.bed -c 10 -T 4 -f /diskmnt/Datasets/Reference/human_genome/GRCh37-lite/GRCh37-lite.fa -i pindel_config.txt -o pindel/chr10/chr10 ; cat pindel/chr10/chr10_D pindel/chr10/chr10_INV pindel/chr10/chr10_TD pindel/chr10/chr10_SI | grep ChrID > pindel/chr10/pindel.out.chr10.raw
Finished job 143.
14 of 140 steps (10%) done

rule pindel_call:
    input: /diskmnt/Datasets/Reference/human_genome/GRCh37-lite/GRCh37-lite.fa, /diskmnt/Datasets/TCGA/example_BAM/TCGA-73-4677-11A-01D-1203-02_IlluminaHiSeq-DNASeq_whole.bam, pindel_config.txt
    output: pindel/chr6/pindel.out.chr6.raw
    jobid: 145
    wildcards: ix=6
    threads: 4

pindel -x 4 -w 0.1 -B 0 -M 3 -J pindel-centromere-exclude.bed -c 6 -T 4 -f /diskmnt/Datasets/Reference/human_genome/GRCh37-lite/GRCh37-lite.fa -i pindel_config.txt -o pindel/chr6/chr6 ; cat pindel/chr6/chr6_D pindel/chr6/chr6_INV pindel/chr6/chr6_TD pindel/chr6/chr6_SI | grep ChrID > pindel/chr6/pindel.out.chr6.raw
Finished job 45.
15 of 140 steps (11%) done

rule varscan_mpileup2indel:
    input: /diskmnt/Datasets/Reference/human_genome/GRCh37-lite/GRCh37-lite.fa, /diskmnt/Datasets/TCGA/example_BAM/TCGA-73-4677-11A-01D-1203-02_IlluminaHiSeq-DNASeq_whole.bam
    output: varscan.indel.chr17.vcf
    jobid: 44
    wildcards: ix=17

samtools mpileup -q 1 -Q 13 -f /diskmnt/Datasets/Reference/human_genome/GRCh37-lite/GRCh37-lite.fa -r 17 /diskmnt/Datasets/TCGA/example_BAM/TCGA-73-4677-11A-01D-1203-02_IlluminaHiSeq-DNASeq_whole.bam | varscan mpileup2indel - --min-coverage 3 --min-var-freq 0.10 --p-value 0.10 --strand-filter 1 --output-vcf 1 > varscan.indel.chr17.vcf
Finished job 37.
16 of 140 steps (11%) done

rule varscan_mpileup2indel:
    input: /diskmnt/Datasets/Reference/human_genome/GRCh37-lite/GRCh37-lite.fa, /diskmnt/Datasets/TCGA/example_BAM/TCGA-73-4677-11A-01D-1203-02_IlluminaHiSeq-DNASeq_whole.bam
    output: varscan.indel.chr11.vcf
    jobid: 35
    wildcards: ix=11

samtools mpileup -q 1 -Q 13 -f /diskmnt/Datasets/Reference/human_genome/GRCh37-lite/GRCh37-lite.fa -r 11 /diskmnt/Datasets/TCGA/example_BAM/TCGA-73-4677-11A-01D-1203-02_IlluminaHiSeq-DNASeq_whole.bam | varscan mpileup2indel - --min-coverage 3 --min-var-freq 0.10 --p-value 0.10 --strand-filter 1 --output-vcf 1 > varscan.indel.chr11.vcf
Finished job 109.
17 of 140 steps (12%) done

rule varscan_mpileup2indel:
    input: /diskmnt/Datasets/Reference/human_genome/GRCh37-lite/GRCh37-lite.fa, /diskmnt/Datasets/TCGA/example_BAM/TCGA-73-4677-11A-01D-1203-02_IlluminaHiSeq-DNASeq_whole.bam
    output: varscan.indel.chr7.vcf
    jobid: 36
    wildcards: ix=7

samtools mpileup -q 1 -Q 13 -f /diskmnt/Datasets/Reference/human_genome/GRCh37-lite/GRCh37-lite.fa -r 7 /diskmnt/Datasets/TCGA/example_BAM/TCGA-73-4677-11A-01D-1203-02_IlluminaHiSeq-DNASeq_whole.bam | varscan mpileup2indel - --min-coverage 3 --min-var-freq 0.10 --p-value 0.10 --strand-filter 1 --output-vcf 1 > varscan.indel.chr7.vcf
Finished job 150.
18 of 140 steps (13%) done

rule pindel_call:
    input: /diskmnt/Datasets/Reference/human_genome/GRCh37-lite/GRCh37-lite.fa, /diskmnt/Datasets/TCGA/example_BAM/TCGA-73-4677-11A-01D-1203-02_IlluminaHiSeq-DNASeq_whole.bam, pindel_config.txt
    output: pindel/chr8/pindel.out.chr8.raw
    jobid: 149
    wildcards: ix=8
    threads: 4

pindel -x 4 -w 0.1 -B 0 -M 3 -J pindel-centromere-exclude.bed -c 8 -T 4 -f /diskmnt/Datasets/Reference/human_genome/GRCh37-lite/GRCh37-lite.fa -i pindel_config.txt -o pindel/chr8/chr8 ; cat pindel/chr8/chr8_D pindel/chr8/chr8_INV pindel/chr8/chr8_TD pindel/chr8/chr8_SI | grep ChrID > pindel/chr8/pindel.out.chr8.raw
Finished job 44.
19 of 140 steps (14%) done

rule varscan_mpileup2snp:
    input: /diskmnt/Datasets/Reference/human_genome/GRCh37-lite/GRCh37-lite.fa, /diskmnt/Datasets/TCGA/example_BAM/TCGA-73-4677-11A-01D-1203-02_IlluminaHiSeq-DNASeq_whole.bam
    output: varscan.snp.chr5.vcf
    jobid: 114
    wildcards: ix=5

samtools mpileup -q 1 -Q 13 -f /diskmnt/Datasets/Reference/human_genome/GRCh37-lite/GRCh37-lite.fa -r 5 /diskmnt/Datasets/TCGA/example_BAM/TCGA-73-4677-11A-01D-1203-02_IlluminaHiSeq-DNASeq_whole.bam | varscan mpileup2snp - --min-coverage 3 --min-var-freq 0.10 --p-value 0.10 --strand-filter 1 --output-vcf 1 > varscan.snp.chr5.vcf
Finished job 145.
20 of 140 steps (14%) done

rule pindel_call:
    input: /diskmnt/Datasets/Reference/human_genome/GRCh37-lite/GRCh37-lite.fa, /diskmnt/Datasets/TCGA/example_BAM/TCGA-73-4677-11A-01D-1203-02_IlluminaHiSeq-DNASeq_whole.bam, pindel_config.txt
    output: pindel/chr14/pindel.out.chr14.raw
    jobid: 129
    wildcards: ix=14
    threads: 4

pindel -x 4 -w 0.1 -B 0 -M 3 -J pindel-centromere-exclude.bed -c 14 -T 4 -f /diskmnt/Datasets/Reference/human_genome/GRCh37-lite/GRCh37-lite.fa -i pindel_config.txt -o pindel/chr14/chr14 ; cat pindel/chr14/chr14_D pindel/chr14/chr14_INV pindel/chr14/chr14_TD pindel/chr14/chr14_SI | grep ChrID > pindel/chr14/pindel.out.chr14.raw
Finished job 35.
21 of 140 steps (15%) done

rule varscan_mpileup2snp:
    input: /diskmnt/Datasets/Reference/human_genome/GRCh37-lite/GRCh37-lite.fa, /diskmnt/Datasets/TCGA/example_BAM/TCGA-73-4677-11A-01D-1203-02_IlluminaHiSeq-DNASeq_whole.bam
    output: varscan.snp.chr15.vcf
    jobid: 120
    wildcards: ix=15

samtools mpileup -q 1 -Q 13 -f /diskmnt/Datasets/Reference/human_genome/GRCh37-lite/GRCh37-lite.fa -r 15 /diskmnt/Datasets/TCGA/example_BAM/TCGA-73-4677-11A-01D-1203-02_IlluminaHiSeq-DNASeq_whole.bam | varscan mpileup2snp - --min-coverage 3 --min-var-freq 0.10 --p-value 0.10 --strand-filter 1 --output-vcf 1 > varscan.snp.chr15.vcf
Finished job 128.
22 of 140 steps (16%) done

rule pindel_call:
    input: /diskmnt/Datasets/Reference/human_genome/GRCh37-lite/GRCh37-lite.fa, /diskmnt/Datasets/TCGA/example_BAM/TCGA-73-4677-11A-01D-1203-02_IlluminaHiSeq-DNASeq_whole.bam, pindel_config.txt
    output: pindel/chr22/pindel.out.chr22.raw
    jobid: 132
    wildcards: ix=22
    threads: 4

pindel -x 4 -w 0.1 -B 0 -M 3 -J pindel-centromere-exclude.bed -c 22 -T 4 -f /diskmnt/Datasets/Reference/human_genome/GRCh37-lite/GRCh37-lite.fa -i pindel_config.txt -o pindel/chr22/chr22 ; cat pindel/chr22/chr22_D pindel/chr22/chr22_INV pindel/chr22/chr22_TD pindel/chr22/chr22_SI | grep ChrID > pindel/chr22/pindel.out.chr22.raw
Finished job 36.
23 of 140 steps (16%) done

rule varscan_mpileup2snp:
    input: /diskmnt/Datasets/Reference/human_genome/GRCh37-lite/GRCh37-lite.fa, /diskmnt/Datasets/TCGA/example_BAM/TCGA-73-4677-11A-01D-1203-02_IlluminaHiSeq-DNASeq_whole.bam
    output: varscan.snp.chr2.vcf
    jobid: 121
    wildcards: ix=2

samtools mpileup -q 1 -Q 13 -f /diskmnt/Datasets/Reference/human_genome/GRCh37-lite/GRCh37-lite.fa -r 2 /diskmnt/Datasets/TCGA/example_BAM/TCGA-73-4677-11A-01D-1203-02_IlluminaHiSeq-DNASeq_whole.bam | varscan mpileup2snp - --min-coverage 3 --min-var-freq 0.10 --p-value 0.10 --strand-filter 1 --output-vcf 1 > varscan.snp.chr2.vcf
Finished job 129.
24 of 140 steps (17%) done

rule pindel_call:
    input: /diskmnt/Datasets/Reference/human_genome/GRCh37-lite/GRCh37-lite.fa, /diskmnt/Datasets/TCGA/example_BAM/TCGA-73-4677-11A-01D-1203-02_IlluminaHiSeq-DNASeq_whole.bam, pindel_config.txt
    output: pindel/chr21/pindel.out.chr21.raw
    jobid: 147
    wildcards: ix=21
    threads: 4

pindel -x 4 -w 0.1 -B 0 -M 3 -J pindel-centromere-exclude.bed -c 21 -T 4 -f /diskmnt/Datasets/Reference/human_genome/GRCh37-lite/GRCh37-lite.fa -i pindel_config.txt -o pindel/chr21/chr21 ; cat pindel/chr21/chr21_D pindel/chr21/chr21_INV pindel/chr21/chr21_TD pindel/chr21/chr21_SI | grep ChrID > pindel/chr21/pindel.out.chr21.raw
Finished job 149.
25 of 140 steps (18%) done

rule pindel_call:
    input: /diskmnt/Datasets/Reference/human_genome/GRCh37-lite/GRCh37-lite.fa, /diskmnt/Datasets/TCGA/example_BAM/TCGA-73-4677-11A-01D-1203-02_IlluminaHiSeq-DNASeq_whole.bam, pindel_config.txt
    output: pindel/chr15/pindel.out.chr15.raw
    jobid: 148
    wildcards: ix=15
    threads: 4

pindel -x 4 -w 0.1 -B 0 -M 3 -J pindel-centromere-exclude.bed -c 15 -T 4 -f /diskmnt/Datasets/Reference/human_genome/GRCh37-lite/GRCh37-lite.fa -i pindel_config.txt -o pindel/chr15/chr15 ; cat pindel/chr15/chr15_D pindel/chr15/chr15_INV pindel/chr15/chr15_TD pindel/chr15/chr15_SI | grep ChrID > pindel/chr15/pindel.out.chr15.raw
Finished job 132.
26 of 140 steps (19%) done

rule pindel_call:
    input: /diskmnt/Datasets/Reference/human_genome/GRCh37-lite/GRCh37-lite.fa, /diskmnt/Datasets/TCGA/example_BAM/TCGA-73-4677-11A-01D-1203-02_IlluminaHiSeq-DNASeq_whole.bam, pindel_config.txt
    output: pindel/chr2/pindel.out.chr2.raw
    jobid: 127
    wildcards: ix=2
    threads: 4

pindel -x 4 -w 0.1 -B 0 -M 3 -J pindel-centromere-exclude.bed -c 2 -T 4 -f /diskmnt/Datasets/Reference/human_genome/GRCh37-lite/GRCh37-lite.fa -i pindel_config.txt -o pindel/chr2/chr2 ; cat pindel/chr2/chr2_D pindel/chr2/chr2_INV pindel/chr2/chr2_TD pindel/chr2/chr2_SI | grep ChrID > pindel/chr2/pindel.out.chr2.raw
Finished job 120.
27 of 140 steps (19%) done

rule varscan_mpileup2indel:
    input: /diskmnt/Datasets/Reference/human_genome/GRCh37-lite/GRCh37-lite.fa, /diskmnt/Datasets/TCGA/example_BAM/TCGA-73-4677-11A-01D-1203-02_IlluminaHiSeq-DNASeq_whole.bam
    output: varscan.indel.chr6.vcf
    jobid: 31
    wildcards: ix=6

samtools mpileup -q 1 -Q 13 -f /diskmnt/Datasets/Reference/human_genome/GRCh37-lite/GRCh37-lite.fa -r 6 /diskmnt/Datasets/TCGA/example_BAM/TCGA-73-4677-11A-01D-1203-02_IlluminaHiSeq-DNASeq_whole.bam | varscan mpileup2indel - --min-coverage 3 --min-var-freq 0.10 --p-value 0.10 --strand-filter 1 --output-vcf 1 > varscan.indel.chr6.vcf
Finished job 147.
28 of 140 steps (20%) done

rule pindel_call:
    input: /diskmnt/Datasets/Reference/human_genome/GRCh37-lite/GRCh37-lite.fa, /diskmnt/Datasets/TCGA/example_BAM/TCGA-73-4677-11A-01D-1203-02_IlluminaHiSeq-DNASeq_whole.bam, pindel_config.txt
    output: pindel/chr5/pindel.out.chr5.raw
    jobid: 134
    wildcards: ix=5
    threads: 4

pindel -x 4 -w 0.1 -B 0 -M 3 -J pindel-centromere-exclude.bed -c 5 -T 4 -f /diskmnt/Datasets/Reference/human_genome/GRCh37-lite/GRCh37-lite.fa -i pindel_config.txt -o pindel/chr5/chr5 ; cat pindel/chr5/chr5_D pindel/chr5/chr5_INV pindel/chr5/chr5_TD pindel/chr5/chr5_SI | grep ChrID > pindel/chr5/pindel.out.chr5.raw
Finished job 114.
29 of 140 steps (21%) done

rule varscan_mpileup2snp:
    input: /diskmnt/Datasets/Reference/human_genome/GRCh37-lite/GRCh37-lite.fa, /diskmnt/Datasets/TCGA/example_BAM/TCGA-73-4677-11A-01D-1203-02_IlluminaHiSeq-DNASeq_whole.bam
    output: varscan.snp.chr22.vcf
    jobid: 108
    wildcards: ix=22

samtools mpileup -q 1 -Q 13 -f /diskmnt/Datasets/Reference/human_genome/GRCh37-lite/GRCh37-lite.fa -r 22 /diskmnt/Datasets/TCGA/example_BAM/TCGA-73-4677-11A-01D-1203-02_IlluminaHiSeq-DNASeq_whole.bam | varscan mpileup2snp - --min-coverage 3 --min-var-freq 0.10 --p-value 0.10 --strand-filter 1 --output-vcf 1 > varscan.snp.chr22.vcf
Finished job 148.
30 of 140 steps (21%) done

rule pindel_call:
    input: /diskmnt/Datasets/Reference/human_genome/GRCh37-lite/GRCh37-lite.fa, /diskmnt/Datasets/TCGA/example_BAM/TCGA-73-4677-11A-01D-1203-02_IlluminaHiSeq-DNASeq_whole.bam, pindel_config.txt
    output: pindel/chr9/pindel.out.chr9.raw
    jobid: 139
    wildcards: ix=9
    threads: 4

pindel -x 4 -w 0.1 -B 0 -M 3 -J pindel-centromere-exclude.bed -c 9 -T 4 -f /diskmnt/Datasets/Reference/human_genome/GRCh37-lite/GRCh37-lite.fa -i pindel_config.txt -o pindel/chr9/chr9 ; cat pindel/chr9/chr9_D pindel/chr9/chr9_INV pindel/chr9/chr9_TD pindel/chr9/chr9_SI | grep ChrID > pindel/chr9/pindel.out.chr9.raw
Finished job 108.
31 of 140 steps (22%) done

rule varscan_mpileup2indel:
    input: /diskmnt/Datasets/Reference/human_genome/GRCh37-lite/GRCh37-lite.fa, /diskmnt/Datasets/TCGA/example_BAM/TCGA-73-4677-11A-01D-1203-02_IlluminaHiSeq-DNASeq_whole.bam
    output: varscan.indel.chr8.vcf
    jobid: 49
    wildcards: ix=8

samtools mpileup -q 1 -Q 13 -f /diskmnt/Datasets/Reference/human_genome/GRCh37-lite/GRCh37-lite.fa -r 8 /diskmnt/Datasets/TCGA/example_BAM/TCGA-73-4677-11A-01D-1203-02_IlluminaHiSeq-DNASeq_whole.bam | varscan mpileup2indel - --min-coverage 3 --min-var-freq 0.10 --p-value 0.10 --strand-filter 1 --output-vcf 1 > varscan.indel.chr8.vcf
Finished job 134.
32 of 140 steps (23%) done

rule pindel_call:
    input: /diskmnt/Datasets/Reference/human_genome/GRCh37-lite/GRCh37-lite.fa, /diskmnt/Datasets/TCGA/example_BAM/TCGA-73-4677-11A-01D-1203-02_IlluminaHiSeq-DNASeq_whole.bam, pindel_config.txt
    output: pindel/chr12/pindel.out.chr12.raw
    jobid: 135
    wildcards: ix=12
    threads: 4

pindel -x 4 -w 0.1 -B 0 -M 3 -J pindel-centromere-exclude.bed -c 12 -T 4 -f /diskmnt/Datasets/Reference/human_genome/GRCh37-lite/GRCh37-lite.fa -i pindel_config.txt -o pindel/chr12/chr12 ; cat pindel/chr12/chr12_D pindel/chr12/chr12_INV pindel/chr12/chr12_TD pindel/chr12/chr12_SI | grep ChrID > pindel/chr12/pindel.out.chr12.raw
Finished job 31.
33 of 140 steps (24%) done

rule varscan_mpileup2snp:
    input: /diskmnt/Datasets/Reference/human_genome/GRCh37-lite/GRCh37-lite.fa, /diskmnt/Datasets/TCGA/example_BAM/TCGA-73-4677-11A-01D-1203-02_IlluminaHiSeq-DNASeq_whole.bam
    output: varscan.snp.chr8.vcf
    jobid: 125
    wildcards: ix=8

samtools mpileup -q 1 -Q 13 -f /diskmnt/Datasets/Reference/human_genome/GRCh37-lite/GRCh37-lite.fa -r 8 /diskmnt/Datasets/TCGA/example_BAM/TCGA-73-4677-11A-01D-1203-02_IlluminaHiSeq-DNASeq_whole.bam | varscan mpileup2snp - --min-coverage 3 --min-var-freq 0.10 --p-value 0.10 --strand-filter 1 --output-vcf 1 > varscan.snp.chr8.vcf
Finished job 139.
34 of 140 steps (24%) done

rule pindel_call:
    input: /diskmnt/Datasets/Reference/human_genome/GRCh37-lite/GRCh37-lite.fa, /diskmnt/Datasets/TCGA/example_BAM/TCGA-73-4677-11A-01D-1203-02_IlluminaHiSeq-DNASeq_whole.bam, pindel_config.txt
    output: pindel/chr13/pindel.out.chr13.raw
    jobid: 130
    wildcards: ix=13
    threads: 4

pindel -x 4 -w 0.1 -B 0 -M 3 -J pindel-centromere-exclude.bed -c 13 -T 4 -f /diskmnt/Datasets/Reference/human_genome/GRCh37-lite/GRCh37-lite.fa -i pindel_config.txt -o pindel/chr13/chr13 ; cat pindel/chr13/chr13_D pindel/chr13/chr13_INV pindel/chr13/chr13_TD pindel/chr13/chr13_SI | grep ChrID > pindel/chr13/pindel.out.chr13.raw
Finished job 127.
35 of 140 steps (25%) done

rule pindel_call:
    input: /diskmnt/Datasets/Reference/human_genome/GRCh37-lite/GRCh37-lite.fa, /diskmnt/Datasets/TCGA/example_BAM/TCGA-73-4677-11A-01D-1203-02_IlluminaHiSeq-DNASeq_whole.bam, pindel_config.txt
    output: pindel/chr18/pindel.out.chr18.raw
    jobid: 137
    wildcards: ix=18
    threads: 4

pindel -x 4 -w 0.1 -B 0 -M 3 -J pindel-centromere-exclude.bed -c 18 -T 4 -f /diskmnt/Datasets/Reference/human_genome/GRCh37-lite/GRCh37-lite.fa -i pindel_config.txt -o pindel/chr18/chr18 ; cat pindel/chr18/chr18_D pindel/chr18/chr18_INV pindel/chr18/chr18_TD pindel/chr18/chr18_SI | grep ChrID > pindel/chr18/pindel.out.chr18.raw
Finished job 121.
36 of 140 steps (26%) done

rule varscan_mpileup2indel:
    input: /diskmnt/Datasets/Reference/human_genome/GRCh37-lite/GRCh37-lite.fa, /diskmnt/Datasets/TCGA/example_BAM/TCGA-73-4677-11A-01D-1203-02_IlluminaHiSeq-DNASeq_whole.bam
    output: varscan.indel.chr2.vcf
    jobid: 34
    wildcards: ix=2

samtools mpileup -q 1 -Q 13 -f /diskmnt/Datasets/Reference/human_genome/GRCh37-lite/GRCh37-lite.fa -r 2 /diskmnt/Datasets/TCGA/example_BAM/TCGA-73-4677-11A-01D-1203-02_IlluminaHiSeq-DNASeq_whole.bam | varscan mpileup2indel - --min-coverage 3 --min-var-freq 0.10 --p-value 0.10 --strand-filter 1 --output-vcf 1 > varscan.indel.chr2.vcf
Finished job 49.
37 of 140 steps (26%) done

rule varscan_mpileup2indel:
    input: /diskmnt/Datasets/Reference/human_genome/GRCh37-lite/GRCh37-lite.fa, /diskmnt/Datasets/TCGA/example_BAM/TCGA-73-4677-11A-01D-1203-02_IlluminaHiSeq-DNASeq_whole.bam
    output: varscan.indel.chr15.vcf
    jobid: 47
    wildcards: ix=15

samtools mpileup -q 1 -Q 13 -f /diskmnt/Datasets/Reference/human_genome/GRCh37-lite/GRCh37-lite.fa -r 15 /diskmnt/Datasets/TCGA/example_BAM/TCGA-73-4677-11A-01D-1203-02_IlluminaHiSeq-DNASeq_whole.bam | varscan mpileup2indel - --min-coverage 3 --min-var-freq 0.10 --p-value 0.10 --strand-filter 1 --output-vcf 1 > varscan.indel.chr15.vcf
Finished job 130.
38 of 140 steps (27%) done

rule pindel_call:
    input: /diskmnt/Datasets/Reference/human_genome/GRCh37-lite/GRCh37-lite.fa, /diskmnt/Datasets/TCGA/example_BAM/TCGA-73-4677-11A-01D-1203-02_IlluminaHiSeq-DNASeq_whole.bam, pindel_config.txt
    output: pindel/chr4/pindel.out.chr4.raw
    jobid: 146
    wildcards: ix=4
    threads: 4

pindel -x 4 -w 0.1 -B 0 -M 3 -J pindel-centromere-exclude.bed -c 4 -T 4 -f /diskmnt/Datasets/Reference/human_genome/GRCh37-lite/GRCh37-lite.fa -i pindel_config.txt -o pindel/chr4/chr4 ; cat pindel/chr4/chr4_D pindel/chr4/chr4_INV pindel/chr4/chr4_TD pindel/chr4/chr4_SI | grep ChrID > pindel/chr4/pindel.out.chr4.raw
Finished job 137.
39 of 140 steps (28%) done

rule varscan_mpileup2indel:
    input: /diskmnt/Datasets/Reference/human_genome/GRCh37-lite/GRCh37-lite.fa, /diskmnt/Datasets/TCGA/example_BAM/TCGA-73-4677-11A-01D-1203-02_IlluminaHiSeq-DNASeq_whole.bam
    output: varscan.indel.chr5.vcf
    jobid: 43
    wildcards: ix=5

samtools mpileup -q 1 -Q 13 -f /diskmnt/Datasets/Reference/human_genome/GRCh37-lite/GRCh37-lite.fa -r 5 /diskmnt/Datasets/TCGA/example_BAM/TCGA-73-4677-11A-01D-1203-02_IlluminaHiSeq-DNASeq_whole.bam | varscan mpileup2indel - --min-coverage 3 --min-var-freq 0.10 --p-value 0.10 --strand-filter 1 --output-vcf 1 > varscan.indel.chr5.vcf

rule varscan_mpileup2indel:
    input: /diskmnt/Datasets/Reference/human_genome/GRCh37-lite/GRCh37-lite.fa, /diskmnt/Datasets/TCGA/example_BAM/TCGA-73-4677-11A-01D-1203-02_IlluminaHiSeq-DNASeq_whole.bam
    output: varscan.indel.chr22.vcf
    jobid: 51
    wildcards: ix=22

samtools mpileup -q 1 -Q 13 -f /diskmnt/Datasets/Reference/human_genome/GRCh37-lite/GRCh37-lite.fa -r 22 /diskmnt/Datasets/TCGA/example_BAM/TCGA-73-4677-11A-01D-1203-02_IlluminaHiSeq-DNASeq_whole.bam | varscan mpileup2indel - --min-coverage 3 --min-var-freq 0.10 --p-value 0.10 --strand-filter 1 --output-vcf 1 > varscan.indel.chr22.vcf

rule varscan_mpileup2snp:
    input: /diskmnt/Datasets/Reference/human_genome/GRCh37-lite/GRCh37-lite.fa, /diskmnt/Datasets/TCGA/example_BAM/TCGA-73-4677-11A-01D-1203-02_IlluminaHiSeq-DNASeq_whole.bam
    output: varscan.snp.chr6.vcf
    jobid: 123
    wildcards: ix=6

samtools mpileup -q 1 -Q 13 -f /diskmnt/Datasets/Reference/human_genome/GRCh37-lite/GRCh37-lite.fa -r 6 /diskmnt/Datasets/TCGA/example_BAM/TCGA-73-4677-11A-01D-1203-02_IlluminaHiSeq-DNASeq_whole.bam | varscan mpileup2snp - --min-coverage 3 --min-var-freq 0.10 --p-value 0.10 --strand-filter 1 --output-vcf 1 > varscan.snp.chr6.vcf

rule varscan_mpileup2indel:
    input: /diskmnt/Datasets/Reference/human_genome/GRCh37-lite/GRCh37-lite.fa, /diskmnt/Datasets/TCGA/example_BAM/TCGA-73-4677-11A-01D-1203-02_IlluminaHiSeq-DNASeq_whole.bam
    output: varscan.indel.chr21.vcf
    jobid: 40
    wildcards: ix=21

samtools mpileup -q 1 -Q 13 -f /diskmnt/Datasets/Reference/human_genome/GRCh37-lite/GRCh37-lite.fa -r 21 /diskmnt/Datasets/TCGA/example_BAM/TCGA-73-4677-11A-01D-1203-02_IlluminaHiSeq-DNASeq_whole.bam | varscan mpileup2indel - --min-coverage 3 --min-var-freq 0.10 --p-value 0.10 --strand-filter 1 --output-vcf 1 > varscan.indel.chr21.vcf
Finished job 135.
40 of 140 steps (29%) done

rule varscan_mpileup2snp:
    input: /diskmnt/Datasets/Reference/human_genome/GRCh37-lite/GRCh37-lite.fa, /diskmnt/Datasets/TCGA/example_BAM/TCGA-73-4677-11A-01D-1203-02_IlluminaHiSeq-DNASeq_whole.bam
    output: varscan.snp.chr20.vcf
    jobid: 104
    wildcards: ix=20

samtools mpileup -q 1 -Q 13 -f /diskmnt/Datasets/Reference/human_genome/GRCh37-lite/GRCh37-lite.fa -r 20 /diskmnt/Datasets/TCGA/example_BAM/TCGA-73-4677-11A-01D-1203-02_IlluminaHiSeq-DNASeq_whole.bam | varscan mpileup2snp - --min-coverage 3 --min-var-freq 0.10 --p-value 0.10 --strand-filter 1 --output-vcf 1 > varscan.snp.chr20.vcf

rule varscan_mpileup2indel:
    input: /diskmnt/Datasets/Reference/human_genome/GRCh37-lite/GRCh37-lite.fa, /diskmnt/Datasets/TCGA/example_BAM/TCGA-73-4677-11A-01D-1203-02_IlluminaHiSeq-DNASeq_whole.bam
    output: varscan.indel.chr4.vcf
    jobid: 33
    wildcards: ix=4

samtools mpileup -q 1 -Q 13 -f /diskmnt/Datasets/Reference/human_genome/GRCh37-lite/GRCh37-lite.fa -r 4 /diskmnt/Datasets/TCGA/example_BAM/TCGA-73-4677-11A-01D-1203-02_IlluminaHiSeq-DNASeq_whole.bam | varscan mpileup2indel - --min-coverage 3 --min-var-freq 0.10 --p-value 0.10 --strand-filter 1 --output-vcf 1 > varscan.indel.chr4.vcf

rule varscan_mpileup2snp:
    input: /diskmnt/Datasets/Reference/human_genome/GRCh37-lite/GRCh37-lite.fa, /diskmnt/Datasets/TCGA/example_BAM/TCGA-73-4677-11A-01D-1203-02_IlluminaHiSeq-DNASeq_whole.bam
    output: varscan.snp.chrY.vcf
    jobid: 122
    wildcards: ix=Y

samtools mpileup -q 1 -Q 13 -f /diskmnt/Datasets/Reference/human_genome/GRCh37-lite/GRCh37-lite.fa -r Y /diskmnt/Datasets/TCGA/example_BAM/TCGA-73-4677-11A-01D-1203-02_IlluminaHiSeq-DNASeq_whole.bam | varscan mpileup2snp - --min-coverage 3 --min-var-freq 0.10 --p-value 0.10 --strand-filter 1 --output-vcf 1 > varscan.snp.chrY.vcf

rule varscan_mpileup2snp:
    input: /diskmnt/Datasets/Reference/human_genome/GRCh37-lite/GRCh37-lite.fa, /diskmnt/Datasets/TCGA/example_BAM/TCGA-73-4677-11A-01D-1203-02_IlluminaHiSeq-DNASeq_whole.bam
    output: varscan.snp.chr7.vcf
    jobid: 110
    wildcards: ix=7

samtools mpileup -q 1 -Q 13 -f /diskmnt/Datasets/Reference/human_genome/GRCh37-lite/GRCh37-lite.fa -r 7 /diskmnt/Datasets/TCGA/example_BAM/TCGA-73-4677-11A-01D-1203-02_IlluminaHiSeq-DNASeq_whole.bam | varscan mpileup2snp - --min-coverage 3 --min-var-freq 0.10 --p-value 0.10 --strand-filter 1 --output-vcf 1 > varscan.snp.chr7.vcf
Finished job 122.
41 of 140 steps (29%) done

rule varscan_mpileup2snp:
    input: /diskmnt/Datasets/Reference/human_genome/GRCh37-lite/GRCh37-lite.fa, /diskmnt/Datasets/TCGA/example_BAM/TCGA-73-4677-11A-01D-1203-02_IlluminaHiSeq-DNASeq_whole.bam
    output: varscan.snp.chr11.vcf
    jobid: 105
    wildcards: ix=11

samtools mpileup -q 1 -Q 13 -f /diskmnt/Datasets/Reference/human_genome/GRCh37-lite/GRCh37-lite.fa -r 11 /diskmnt/Datasets/TCGA/example_BAM/TCGA-73-4677-11A-01D-1203-02_IlluminaHiSeq-DNASeq_whole.bam | varscan mpileup2snp - --min-coverage 3 --min-var-freq 0.10 --p-value 0.10 --strand-filter 1 --output-vcf 1 > varscan.snp.chr11.vcf
Finished job 40.
42 of 140 steps (30%) done

rule varscan_mpileup2snp:
    input: /diskmnt/Datasets/Reference/human_genome/GRCh37-lite/GRCh37-lite.fa, /diskmnt/Datasets/TCGA/example_BAM/TCGA-73-4677-11A-01D-1203-02_IlluminaHiSeq-DNASeq_whole.bam
    output: varscan.snp.chr17.vcf
    jobid: 111
    wildcards: ix=17

samtools mpileup -q 1 -Q 13 -f /diskmnt/Datasets/Reference/human_genome/GRCh37-lite/GRCh37-lite.fa -r 17 /diskmnt/Datasets/TCGA/example_BAM/TCGA-73-4677-11A-01D-1203-02_IlluminaHiSeq-DNASeq_whole.bam | varscan mpileup2snp - --min-coverage 3 --min-var-freq 0.10 --p-value 0.10 --strand-filter 1 --output-vcf 1 > varscan.snp.chr17.vcf
Finished job 51.
43 of 140 steps (31%) done

rule varscan_mpileup2snp:
    input: /diskmnt/Datasets/Reference/human_genome/GRCh37-lite/GRCh37-lite.fa, /diskmnt/Datasets/TCGA/example_BAM/TCGA-73-4677-11A-01D-1203-02_IlluminaHiSeq-DNASeq_whole.bam
    output: varscan.snp.chr1.vcf
    jobid: 118
    wildcards: ix=1

samtools mpileup -q 1 -Q 13 -f /diskmnt/Datasets/Reference/human_genome/GRCh37-lite/GRCh37-lite.fa -r 1 /diskmnt/Datasets/TCGA/example_BAM/TCGA-73-4677-11A-01D-1203-02_IlluminaHiSeq-DNASeq_whole.bam | varscan mpileup2snp - --min-coverage 3 --min-var-freq 0.10 --p-value 0.10 --strand-filter 1 --output-vcf 1 > varscan.snp.chr1.vcf
Finished job 125.
44 of 140 steps (31%) done

rule varscan_mpileup2indel:
    input: /diskmnt/Datasets/Reference/human_genome/GRCh37-lite/GRCh37-lite.fa, /diskmnt/Datasets/TCGA/example_BAM/TCGA-73-4677-11A-01D-1203-02_IlluminaHiSeq-DNASeq_whole.bam
    output: varscan.indel.chr18.vcf
    jobid: 48
    wildcards: ix=18

samtools mpileup -q 1 -Q 13 -f /diskmnt/Datasets/Reference/human_genome/GRCh37-lite/GRCh37-lite.fa -r 18 /diskmnt/Datasets/TCGA/example_BAM/TCGA-73-4677-11A-01D-1203-02_IlluminaHiSeq-DNASeq_whole.bam | varscan mpileup2indel - --min-coverage 3 --min-var-freq 0.10 --p-value 0.10 --strand-filter 1 --output-vcf 1 > varscan.indel.chr18.vcf
Finished job 47.
45 of 140 steps (32%) done

rule varscan_mpileup2snp:
    input: /diskmnt/Datasets/Reference/human_genome/GRCh37-lite/GRCh37-lite.fa, /diskmnt/Datasets/TCGA/example_BAM/TCGA-73-4677-11A-01D-1203-02_IlluminaHiSeq-DNASeq_whole.bam
    output: varscan.snp.chr16.vcf
    jobid: 113
    wildcards: ix=16

samtools mpileup -q 1 -Q 13 -f /diskmnt/Datasets/Reference/human_genome/GRCh37-lite/GRCh37-lite.fa -r 16 /diskmnt/Datasets/TCGA/example_BAM/TCGA-73-4677-11A-01D-1203-02_IlluminaHiSeq-DNASeq_whole.bam | varscan mpileup2snp - --min-coverage 3 --min-var-freq 0.10 --p-value 0.10 --strand-filter 1 --output-vcf 1 > varscan.snp.chr16.vcf
Finished job 104.
46 of 140 steps (33%) done

rule varscan_mpileup2snp:
    input: /diskmnt/Datasets/Reference/human_genome/GRCh37-lite/GRCh37-lite.fa, /diskmnt/Datasets/TCGA/example_BAM/TCGA-73-4677-11A-01D-1203-02_IlluminaHiSeq-DNASeq_whole.bam
    output: varscan.snp.chr19.vcf
    jobid: 126
    wildcards: ix=19

samtools mpileup -q 1 -Q 13 -f /diskmnt/Datasets/Reference/human_genome/GRCh37-lite/GRCh37-lite.fa -r 19 /diskmnt/Datasets/TCGA/example_BAM/TCGA-73-4677-11A-01D-1203-02_IlluminaHiSeq-DNASeq_whole.bam | varscan mpileup2snp - --min-coverage 3 --min-var-freq 0.10 --p-value 0.10 --strand-filter 1 --output-vcf 1 > varscan.snp.chr19.vcf
Finished job 48.
47 of 140 steps (34%) done

rule varscan_mpileup2indel:
    input: /diskmnt/Datasets/Reference/human_genome/GRCh37-lite/GRCh37-lite.fa, /diskmnt/Datasets/TCGA/example_BAM/TCGA-73-4677-11A-01D-1203-02_IlluminaHiSeq-DNASeq_whole.bam
    output: varscan.indel.chr9.vcf
    jobid: 38
    wildcards: ix=9

samtools mpileup -q 1 -Q 13 -f /diskmnt/Datasets/Reference/human_genome/GRCh37-lite/GRCh37-lite.fa -r 9 /diskmnt/Datasets/TCGA/example_BAM/TCGA-73-4677-11A-01D-1203-02_IlluminaHiSeq-DNASeq_whole.bam | varscan mpileup2indel - --min-coverage 3 --min-var-freq 0.10 --p-value 0.10 --strand-filter 1 --output-vcf 1 > varscan.indel.chr9.vcf
Finished job 111.
48 of 140 steps (34%) done

rule varscan_mpileup2indel:
    input: /diskmnt/Datasets/Reference/human_genome/GRCh37-lite/GRCh37-lite.fa, /diskmnt/Datasets/TCGA/example_BAM/TCGA-73-4677-11A-01D-1203-02_IlluminaHiSeq-DNASeq_whole.bam
    output: varscan.indel.chr13.vcf
    jobid: 41
    wildcards: ix=13

samtools mpileup -q 1 -Q 13 -f /diskmnt/Datasets/Reference/human_genome/GRCh37-lite/GRCh37-lite.fa -r 13 /diskmnt/Datasets/TCGA/example_BAM/TCGA-73-4677-11A-01D-1203-02_IlluminaHiSeq-DNASeq_whole.bam | varscan mpileup2indel - --min-coverage 3 --min-var-freq 0.10 --p-value 0.10 --strand-filter 1 --output-vcf 1 > varscan.indel.chr13.vcf
Finished job 146.
49 of 140 steps (35%) done

rule gatk_selectvariant_snp:
    input: /diskmnt/Datasets/Reference/human_genome/GRCh37-lite/GRCh37-lite.fa, gatk.raw.chr1.vcf
    output: gatk.snp.chr1.vcf
    jobid: 94
    wildcards: ix=1

gatk SelectVariants -R /diskmnt/Datasets/Reference/human_genome/GRCh37-lite/GRCh37-lite.fa -V gatk.raw.chr1.vcf -O gatk.snp.chr1.vcf -select-type SNP -select-type MNP

rule gatk_selectvariant_indel:
    input: /diskmnt/Datasets/Reference/human_genome/GRCh37-lite/GRCh37-lite.fa, gatk.raw.chr2.vcf
    output: gatk.indel.chr2.vcf
    jobid: 55
    wildcards: ix=2

gatk SelectVariants -R /diskmnt/Datasets/Reference/human_genome/GRCh37-lite/GRCh37-lite.fa -V gatk.raw.chr2.vcf -O gatk.indel.chr2.vcf -select-type INDEL

rule gatk_selectvariant_indel:
    input: /diskmnt/Datasets/Reference/human_genome/GRCh37-lite/GRCh37-lite.fa, gatk.raw.chr1.vcf
    output: gatk.indel.chr1.vcf
    jobid: 65
    wildcards: ix=1

gatk SelectVariants -R /diskmnt/Datasets/Reference/human_genome/GRCh37-lite/GRCh37-lite.fa -V gatk.raw.chr1.vcf -O gatk.indel.chr1.vcf -select-type INDEL

rule varscan_mpileup2snp:
    input: /diskmnt/Datasets/Reference/human_genome/GRCh37-lite/GRCh37-lite.fa, /diskmnt/Datasets/TCGA/example_BAM/TCGA-73-4677-11A-01D-1203-02_IlluminaHiSeq-DNASeq_whole.bam
    output: varscan.snp.chr3.vcf
    jobid: 112
    wildcards: ix=3

samtools mpileup -q 1 -Q 13 -f /diskmnt/Datasets/Reference/human_genome/GRCh37-lite/GRCh37-lite.fa -r 3 /diskmnt/Datasets/TCGA/example_BAM/TCGA-73-4677-11A-01D-1203-02_IlluminaHiSeq-DNASeq_whole.bam | varscan mpileup2snp - --min-coverage 3 --min-var-freq 0.10 --p-value 0.10 --strand-filter 1 --output-vcf 1 > varscan.snp.chr3.vcf
Finished job 55.
50 of 140 steps (36%) done

rule gatk_selectvariant_snp:
    input: /diskmnt/Datasets/Reference/human_genome/GRCh37-lite/GRCh37-lite.fa, gatk.raw.chr2.vcf
    output: gatk.snp.chr2.vcf
    jobid: 95
    wildcards: ix=2

gatk SelectVariants -R /diskmnt/Datasets/Reference/human_genome/GRCh37-lite/GRCh37-lite.fa -V gatk.raw.chr2.vcf -O gatk.snp.chr2.vcf -select-type SNP -select-type MNP
Finished job 65.
51 of 140 steps (36%) done

rule gatk_selectvariant_indel:
    input: /diskmnt/Datasets/Reference/human_genome/GRCh37-lite/GRCh37-lite.fa, gatk.raw.chr4.vcf
    output: gatk.indel.chr4.vcf
    jobid: 70
    wildcards: ix=4

gatk SelectVariants -R /diskmnt/Datasets/Reference/human_genome/GRCh37-lite/GRCh37-lite.fa -V gatk.raw.chr4.vcf -O gatk.indel.chr4.vcf -select-type INDEL
Finished job 94.
52 of 140 steps (37%) done

rule gatk_selectvariant_snp:
    input: /diskmnt/Datasets/Reference/human_genome/GRCh37-lite/GRCh37-lite.fa, gatk.raw.chr4.vcf
    output: gatk.snp.chr4.vcf
    jobid: 85
    wildcards: ix=4

gatk SelectVariants -R /diskmnt/Datasets/Reference/human_genome/GRCh37-lite/GRCh37-lite.fa -V gatk.raw.chr4.vcf -O gatk.snp.chr4.vcf -select-type SNP -select-type MNP
Finished job 70.
53 of 140 steps (38%) done

rule gatk_selectvariant_snp:
    input: /diskmnt/Datasets/Reference/human_genome/GRCh37-lite/GRCh37-lite.fa, gatk.raw.chr3.vcf
    output: gatk.snp.chr3.vcf
    jobid: 100
    wildcards: ix=3

gatk SelectVariants -R /diskmnt/Datasets/Reference/human_genome/GRCh37-lite/GRCh37-lite.fa -V gatk.raw.chr3.vcf -O gatk.snp.chr3.vcf -select-type SNP -select-type MNP
Finished job 95.
54 of 140 steps (39%) done

rule gatk_selectvariant_indel:
    input: /diskmnt/Datasets/Reference/human_genome/GRCh37-lite/GRCh37-lite.fa, gatk.raw.chr3.vcf
    output: gatk.indel.chr3.vcf
    jobid: 61
    wildcards: ix=3

gatk SelectVariants -R /diskmnt/Datasets/Reference/human_genome/GRCh37-lite/GRCh37-lite.fa -V gatk.raw.chr3.vcf -O gatk.indel.chr3.vcf -select-type INDEL
Finished job 85.
55 of 140 steps (39%) done

rule gatk_selectvariant_snp:
    input: /diskmnt/Datasets/Reference/human_genome/GRCh37-lite/GRCh37-lite.fa, gatk.raw.chr6.vcf
    output: gatk.snp.chr6.vcf
    jobid: 96
    wildcards: ix=6

gatk SelectVariants -R /diskmnt/Datasets/Reference/human_genome/GRCh37-lite/GRCh37-lite.fa -V gatk.raw.chr6.vcf -O gatk.snp.chr6.vcf -select-type SNP -select-type MNP
Finished job 100.
56 of 140 steps (40%) done

rule gatk_selectvariant_indel:
    input: /diskmnt/Datasets/Reference/human_genome/GRCh37-lite/GRCh37-lite.fa, gatk.raw.chr6.vcf
    output: gatk.indel.chr6.vcf
    jobid: 59
    wildcards: ix=6

gatk SelectVariants -R /diskmnt/Datasets/Reference/human_genome/GRCh37-lite/GRCh37-lite.fa -V gatk.raw.chr6.vcf -O gatk.indel.chr6.vcf -select-type INDEL
Finished job 61.
57 of 140 steps (41%) done

rule gatk_selectvariant_indel:
    input: /diskmnt/Datasets/Reference/human_genome/GRCh37-lite/GRCh37-lite.fa, gatk.raw.chr5.vcf
    output: gatk.indel.chr5.vcf
    jobid: 57
    wildcards: ix=5

gatk SelectVariants -R /diskmnt/Datasets/Reference/human_genome/GRCh37-lite/GRCh37-lite.fa -V gatk.raw.chr5.vcf -O gatk.indel.chr5.vcf -select-type INDEL
Finished job 96.
58 of 140 steps (41%) done

rule gatk_selectvariant_snp:
    input: /diskmnt/Datasets/Reference/human_genome/GRCh37-lite/GRCh37-lite.fa, gatk.raw.chr5.vcf
    output: gatk.snp.chr5.vcf
    jobid: 99
    wildcards: ix=5

gatk SelectVariants -R /diskmnt/Datasets/Reference/human_genome/GRCh37-lite/GRCh37-lite.fa -V gatk.raw.chr5.vcf -O gatk.snp.chr5.vcf -select-type SNP -select-type MNP
Finished job 59.
59 of 140 steps (42%) done

rule gatk_selectvariant_snp:
    input: /diskmnt/Datasets/Reference/human_genome/GRCh37-lite/GRCh37-lite.fa, gatk.raw.chr7.vcf
    output: gatk.snp.chr7.vcf
    jobid: 90
    wildcards: ix=7

gatk SelectVariants -R /diskmnt/Datasets/Reference/human_genome/GRCh37-lite/GRCh37-lite.fa -V gatk.raw.chr7.vcf -O gatk.snp.chr7.vcf -select-type SNP -select-type MNP
Finished job 57.
60 of 140 steps (43%) done

rule gatk_selectvariant_indel:
    input: /diskmnt/Datasets/Reference/human_genome/GRCh37-lite/GRCh37-lite.fa, gatk.raw.chr7.vcf
    output: gatk.indel.chr7.vcf
    jobid: 75
    wildcards: ix=7

gatk SelectVariants -R /diskmnt/Datasets/Reference/human_genome/GRCh37-lite/GRCh37-lite.fa -V gatk.raw.chr7.vcf -O gatk.indel.chr7.vcf -select-type INDEL
Finished job 99.
61 of 140 steps (44%) done

rule gatk_selectvariant_snp:
    input: /diskmnt/Datasets/Reference/human_genome/GRCh37-lite/GRCh37-lite.fa, gatk.raw.chr10.vcf
    output: gatk.snp.chr10.vcf
    jobid: 91
    wildcards: ix=10

gatk SelectVariants -R /diskmnt/Datasets/Reference/human_genome/GRCh37-lite/GRCh37-lite.fa -V gatk.raw.chr10.vcf -O gatk.snp.chr10.vcf -select-type SNP -select-type MNP
Finished job 75.
62 of 140 steps (44%) done

rule gatk_selectvariant_indel:
    input: /diskmnt/Datasets/Reference/human_genome/GRCh37-lite/GRCh37-lite.fa, gatk.raw.chr10.vcf
    output: gatk.indel.chr10.vcf
    jobid: 67
    wildcards: ix=10

gatk SelectVariants -R /diskmnt/Datasets/Reference/human_genome/GRCh37-lite/GRCh37-lite.fa -V gatk.raw.chr10.vcf -O gatk.indel.chr10.vcf -select-type INDEL
Finished job 90.
63 of 140 steps (45%) done

rule gatk_selectvariant_snp:
    input: /diskmnt/Datasets/Reference/human_genome/GRCh37-lite/GRCh37-lite.fa, gatk.raw.chr8.vcf
    output: gatk.snp.chr8.vcf
    jobid: 88
    wildcards: ix=8

gatk SelectVariants -R /diskmnt/Datasets/Reference/human_genome/GRCh37-lite/GRCh37-lite.fa -V gatk.raw.chr8.vcf -O gatk.snp.chr8.vcf -select-type SNP -select-type MNP
Finished job 67.
64 of 140 steps (46%) done

rule gatk_selectvariant_indel:
    input: /diskmnt/Datasets/Reference/human_genome/GRCh37-lite/GRCh37-lite.fa, gatk.raw.chr8.vcf
    output: gatk.indel.chr8.vcf
    jobid: 78
    wildcards: ix=8

gatk SelectVariants -R /diskmnt/Datasets/Reference/human_genome/GRCh37-lite/GRCh37-lite.fa -V gatk.raw.chr8.vcf -O gatk.indel.chr8.vcf -select-type INDEL
Finished job 91.
65 of 140 steps (46%) done

rule gatk_selectvariant_snp:
    input: /diskmnt/Datasets/Reference/human_genome/GRCh37-lite/GRCh37-lite.fa, gatk.raw.chr11.vcf
    output: gatk.snp.chr11.vcf
    jobid: 93
    wildcards: ix=11

gatk SelectVariants -R /diskmnt/Datasets/Reference/human_genome/GRCh37-lite/GRCh37-lite.fa -V gatk.raw.chr11.vcf -O gatk.snp.chr11.vcf -select-type SNP -select-type MNP
Finished job 88.
66 of 140 steps (47%) done

rule gatk_selectvariant_indel:
    input: /diskmnt/Datasets/Reference/human_genome/GRCh37-lite/GRCh37-lite.fa, gatk.raw.chr11.vcf
    output: gatk.indel.chr11.vcf
    jobid: 76
    wildcards: ix=11

gatk SelectVariants -R /diskmnt/Datasets/Reference/human_genome/GRCh37-lite/GRCh37-lite.fa -V gatk.raw.chr11.vcf -O gatk.indel.chr11.vcf -select-type INDEL
Finished job 123.
67 of 140 steps (48%) done

rule gatk_selectvariant_indel:
    input: /diskmnt/Datasets/Reference/human_genome/GRCh37-lite/GRCh37-lite.fa, gatk.raw.chr12.vcf
    output: gatk.indel.chr12.vcf
    jobid: 66
    wildcards: ix=12

gatk SelectVariants -R /diskmnt/Datasets/Reference/human_genome/GRCh37-lite/GRCh37-lite.fa -V gatk.raw.chr12.vcf -O gatk.indel.chr12.vcf -select-type INDEL
Finished job 78.
68 of 140 steps (49%) done

rule gatk_selectvariant_snp:
    input: /diskmnt/Datasets/Reference/human_genome/GRCh37-lite/GRCh37-lite.fa, gatk.raw.chr12.vcf
    output: gatk.snp.chr12.vcf
    jobid: 87
    wildcards: ix=12

gatk SelectVariants -R /diskmnt/Datasets/Reference/human_genome/GRCh37-lite/GRCh37-lite.fa -V gatk.raw.chr12.vcf -O gatk.snp.chr12.vcf -select-type SNP -select-type MNP
Finished job 66.
69 of 140 steps (49%) done

rule gatk_selectvariant_indel:
    input: /diskmnt/Datasets/Reference/human_genome/GRCh37-lite/GRCh37-lite.fa, gatk.raw.chr9.vcf
    output: gatk.indel.chr9.vcf
    jobid: 60
    wildcards: ix=9

gatk SelectVariants -R /diskmnt/Datasets/Reference/human_genome/GRCh37-lite/GRCh37-lite.fa -V gatk.raw.chr9.vcf -O gatk.indel.chr9.vcf -select-type INDEL
Finished job 76.
70 of 140 steps (50%) done

rule gatk_selectvariant_snp:
    input: /diskmnt/Datasets/Reference/human_genome/GRCh37-lite/GRCh37-lite.fa, gatk.raw.chr9.vcf
    output: gatk.snp.chr9.vcf
    jobid: 79
    wildcards: ix=9

gatk SelectVariants -R /diskmnt/Datasets/Reference/human_genome/GRCh37-lite/GRCh37-lite.fa -V gatk.raw.chr9.vcf -O gatk.snp.chr9.vcf -select-type SNP -select-type MNP
Finished job 93.
71 of 140 steps (51%) done

rule gatk_selectvariant_snp:
    input: /diskmnt/Datasets/Reference/human_genome/GRCh37-lite/GRCh37-lite.fa, gatk.raw.chr16.vcf
    output: gatk.snp.chr16.vcf
    jobid: 92
    wildcards: ix=16

gatk SelectVariants -R /diskmnt/Datasets/Reference/human_genome/GRCh37-lite/GRCh37-lite.fa -V gatk.raw.chr16.vcf -O gatk.snp.chr16.vcf -select-type SNP -select-type MNP
Finished job 87.
72 of 140 steps (51%) done

rule gatk_selectvariant_indel:
    input: /diskmnt/Datasets/Reference/human_genome/GRCh37-lite/GRCh37-lite.fa, gatk.raw.chr16.vcf
    output: gatk.indel.chr16.vcf
    jobid: 58
    wildcards: ix=16

gatk SelectVariants -R /diskmnt/Datasets/Reference/human_genome/GRCh37-lite/GRCh37-lite.fa -V gatk.raw.chr16.vcf -O gatk.indel.chr16.vcf -select-type INDEL
Finished job 60.
73 of 140 steps (52%) done

rule gatk_selectvariant_snp:
    input: /diskmnt/Datasets/Reference/human_genome/GRCh37-lite/GRCh37-lite.fa, gatk.raw.chr17.vcf
    output: gatk.snp.chr17.vcf
    jobid: 84
    wildcards: ix=17

gatk SelectVariants -R /diskmnt/Datasets/Reference/human_genome/GRCh37-lite/GRCh37-lite.fa -V gatk.raw.chr17.vcf -O gatk.snp.chr17.vcf -select-type SNP -select-type MNP
Finished job 79.
74 of 140 steps (53%) done

rule gatk_selectvariant_indel:
    input: /diskmnt/Datasets/Reference/human_genome/GRCh37-lite/GRCh37-lite.fa, gatk.raw.chr17.vcf
    output: gatk.indel.chr17.vcf
    jobid: 68
    wildcards: ix=17

gatk SelectVariants -R /diskmnt/Datasets/Reference/human_genome/GRCh37-lite/GRCh37-lite.fa -V gatk.raw.chr17.vcf -O gatk.indel.chr17.vcf -select-type INDEL
Finished job 92.
75 of 140 steps (54%) done

rule gatk_selectvariant_indel:
    input: /diskmnt/Datasets/Reference/human_genome/GRCh37-lite/GRCh37-lite.fa, gatk.raw.chr13.vcf
    output: gatk.indel.chr13.vcf
    jobid: 69
    wildcards: ix=13

gatk SelectVariants -R /diskmnt/Datasets/Reference/human_genome/GRCh37-lite/GRCh37-lite.fa -V gatk.raw.chr13.vcf -O gatk.indel.chr13.vcf -select-type INDEL
Finished job 58.
76 of 140 steps (54%) done

rule gatk_selectvariant_snp:
    input: /diskmnt/Datasets/Reference/human_genome/GRCh37-lite/GRCh37-lite.fa, gatk.raw.chr13.vcf
    output: gatk.snp.chr13.vcf
    jobid: 101
    wildcards: ix=13

gatk SelectVariants -R /diskmnt/Datasets/Reference/human_genome/GRCh37-lite/GRCh37-lite.fa -V gatk.raw.chr13.vcf -O gatk.snp.chr13.vcf -select-type SNP -select-type MNP
Finished job 84.
77 of 140 steps (55%) done

rule gatk_selectvariant_indel:
    input: /diskmnt/Datasets/Reference/human_genome/GRCh37-lite/GRCh37-lite.fa, gatk.raw.chr15.vcf
    output: gatk.indel.chr15.vcf
    jobid: 71
    wildcards: ix=15

gatk SelectVariants -R /diskmnt/Datasets/Reference/human_genome/GRCh37-lite/GRCh37-lite.fa -V gatk.raw.chr15.vcf -O gatk.indel.chr15.vcf -select-type INDEL
Finished job 68.
78 of 140 steps (56%) done

rule gatk_selectvariant_snp:
    input: /diskmnt/Datasets/Reference/human_genome/GRCh37-lite/GRCh37-lite.fa, gatk.raw.chr15.vcf
    output: gatk.snp.chr15.vcf
    jobid: 83
    wildcards: ix=15

gatk SelectVariants -R /diskmnt/Datasets/Reference/human_genome/GRCh37-lite/GRCh37-lite.fa -V gatk.raw.chr15.vcf -O gatk.snp.chr15.vcf -select-type SNP -select-type MNP
Finished job 105.
79 of 140 steps (56%) done

rule gatk_selectvariant_snp:
    input: /diskmnt/Datasets/Reference/human_genome/GRCh37-lite/GRCh37-lite.fa, gatk.raw.chr14.vcf
    output: gatk.snp.chr14.vcf
    jobid: 98
    wildcards: ix=14

gatk SelectVariants -R /diskmnt/Datasets/Reference/human_genome/GRCh37-lite/GRCh37-lite.fa -V gatk.raw.chr14.vcf -O gatk.snp.chr14.vcf -select-type SNP -select-type MNP
Finished job 69.
80 of 140 steps (57%) done

rule gatk_selectvariant_indel:
    input: /diskmnt/Datasets/Reference/human_genome/GRCh37-lite/GRCh37-lite.fa, gatk.raw.chr14.vcf
    output: gatk.indel.chr14.vcf
    jobid: 62
    wildcards: ix=14

gatk SelectVariants -R /diskmnt/Datasets/Reference/human_genome/GRCh37-lite/GRCh37-lite.fa -V gatk.raw.chr14.vcf -O gatk.indel.chr14.vcf -select-type INDEL
Finished job 126.
81 of 140 steps (58%) done

rule gatk_selectvariant_snp:
    input: /diskmnt/Datasets/Reference/human_genome/GRCh37-lite/GRCh37-lite.fa, gatk.raw.chr19.vcf
    output: gatk.snp.chr19.vcf
    jobid: 80
    wildcards: ix=19

gatk SelectVariants -R /diskmnt/Datasets/Reference/human_genome/GRCh37-lite/GRCh37-lite.fa -V gatk.raw.chr19.vcf -O gatk.snp.chr19.vcf -select-type SNP -select-type MNP
Finished job 101.
82 of 140 steps (59%) done

rule gatk_selectvariant_indel:
    input: /diskmnt/Datasets/Reference/human_genome/GRCh37-lite/GRCh37-lite.fa, gatk.raw.chr19.vcf
    output: gatk.indel.chr19.vcf
    jobid: 72
    wildcards: ix=19

gatk SelectVariants -R /diskmnt/Datasets/Reference/human_genome/GRCh37-lite/GRCh37-lite.fa -V gatk.raw.chr19.vcf -O gatk.indel.chr19.vcf -select-type INDEL
Finished job 71.
83 of 140 steps (59%) done

rule gatk_selectvariant_indel:
    input: /diskmnt/Datasets/Reference/human_genome/GRCh37-lite/GRCh37-lite.fa, gatk.raw.chr18.vcf
    output: gatk.indel.chr18.vcf
    jobid: 64
    wildcards: ix=18

gatk SelectVariants -R /diskmnt/Datasets/Reference/human_genome/GRCh37-lite/GRCh37-lite.fa -V gatk.raw.chr18.vcf -O gatk.indel.chr18.vcf -select-type INDEL
Finished job 62.
84 of 140 steps (60%) done

rule gatk_selectvariant_snp:
    input: /diskmnt/Datasets/Reference/human_genome/GRCh37-lite/GRCh37-lite.fa, gatk.raw.chr18.vcf
    output: gatk.snp.chr18.vcf
    jobid: 102
    wildcards: ix=18

gatk SelectVariants -R /diskmnt/Datasets/Reference/human_genome/GRCh37-lite/GRCh37-lite.fa -V gatk.raw.chr18.vcf -O gatk.snp.chr18.vcf -select-type SNP -select-type MNP
Finished job 83.
85 of 140 steps (61%) done

rule gatk_selectvariant_snp:
    input: /diskmnt/Datasets/Reference/human_genome/GRCh37-lite/GRCh37-lite.fa, gatk.raw.chr20.vcf
    output: gatk.snp.chr20.vcf
    jobid: 97
    wildcards: ix=20

gatk SelectVariants -R /diskmnt/Datasets/Reference/human_genome/GRCh37-lite/GRCh37-lite.fa -V gatk.raw.chr20.vcf -O gatk.snp.chr20.vcf -select-type SNP -select-type MNP
Finished job 98.
86 of 140 steps (61%) done

rule gatk_selectvariant_indel:
    input: /diskmnt/Datasets/Reference/human_genome/GRCh37-lite/GRCh37-lite.fa, gatk.raw.chr20.vcf
    output: gatk.indel.chr20.vcf
    jobid: 77
    wildcards: ix=20

gatk SelectVariants -R /diskmnt/Datasets/Reference/human_genome/GRCh37-lite/GRCh37-lite.fa -V gatk.raw.chr20.vcf -O gatk.indel.chr20.vcf -select-type INDEL
Finished job 80.
87 of 140 steps (62%) done

rule gatk_selectvariant_indel:
    input: /diskmnt/Datasets/Reference/human_genome/GRCh37-lite/GRCh37-lite.fa, gatk.raw.chr22.vcf
    output: gatk.indel.chr22.vcf
    jobid: 73
    wildcards: ix=22

gatk SelectVariants -R /diskmnt/Datasets/Reference/human_genome/GRCh37-lite/GRCh37-lite.fa -V gatk.raw.chr22.vcf -O gatk.indel.chr22.vcf -select-type INDEL
Finished job 64.
88 of 140 steps (63%) done

rule gatk_selectvariant_snp:
    input: /diskmnt/Datasets/Reference/human_genome/GRCh37-lite/GRCh37-lite.fa, gatk.raw.chr22.vcf
    output: gatk.snp.chr22.vcf
    jobid: 89
    wildcards: ix=22

gatk SelectVariants -R /diskmnt/Datasets/Reference/human_genome/GRCh37-lite/GRCh37-lite.fa -V gatk.raw.chr22.vcf -O gatk.snp.chr22.vcf -select-type SNP -select-type MNP
Finished job 72.
89 of 140 steps (64%) done

rule gatk_selectvariant_indel:
    input: /diskmnt/Datasets/Reference/human_genome/GRCh37-lite/GRCh37-lite.fa, gatk.raw.chr21.vcf
    output: gatk.indel.chr21.vcf
    jobid: 63
    wildcards: ix=21

gatk SelectVariants -R /diskmnt/Datasets/Reference/human_genome/GRCh37-lite/GRCh37-lite.fa -V gatk.raw.chr21.vcf -O gatk.indel.chr21.vcf -select-type INDEL
Finished job 77.
90 of 140 steps (64%) done

rule gatk_selectvariant_snp:
    input: /diskmnt/Datasets/Reference/human_genome/GRCh37-lite/GRCh37-lite.fa, gatk.raw.chr21.vcf
    output: gatk.snp.chr21.vcf
    jobid: 82
    wildcards: ix=21

gatk SelectVariants -R /diskmnt/Datasets/Reference/human_genome/GRCh37-lite/GRCh37-lite.fa -V gatk.raw.chr21.vcf -O gatk.snp.chr21.vcf -select-type SNP -select-type MNP
Finished job 102.
91 of 140 steps (65%) done

rule gatk_selectvariant_snp:
    input: /diskmnt/Datasets/Reference/human_genome/GRCh37-lite/GRCh37-lite.fa, gatk.raw.chrX.vcf
    output: gatk.snp.chrX.vcf
    jobid: 86
    wildcards: ix=X

gatk SelectVariants -R /diskmnt/Datasets/Reference/human_genome/GRCh37-lite/GRCh37-lite.fa -V gatk.raw.chrX.vcf -O gatk.snp.chrX.vcf -select-type SNP -select-type MNP
Finished job 97.
92 of 140 steps (66%) done

rule gatk_selectvariant_indel:
    input: /diskmnt/Datasets/Reference/human_genome/GRCh37-lite/GRCh37-lite.fa, gatk.raw.chrX.vcf
    output: gatk.indel.chrX.vcf
    jobid: 74
    wildcards: ix=X

gatk SelectVariants -R /diskmnt/Datasets/Reference/human_genome/GRCh37-lite/GRCh37-lite.fa -V gatk.raw.chrX.vcf -O gatk.indel.chrX.vcf -select-type INDEL
Finished job 73.
93 of 140 steps (66%) done

rule gatk_selectvariant_snp:
    input: /diskmnt/Datasets/Reference/human_genome/GRCh37-lite/GRCh37-lite.fa, gatk.raw.chrY.vcf
    output: gatk.snp.chrY.vcf
    jobid: 81
    wildcards: ix=Y

gatk SelectVariants -R /diskmnt/Datasets/Reference/human_genome/GRCh37-lite/GRCh37-lite.fa -V gatk.raw.chrY.vcf -O gatk.snp.chrY.vcf -select-type SNP -select-type MNP
Finished job 63.
94 of 140 steps (67%) done

rule gatk_selectvariant_indel:
    input: /diskmnt/Datasets/Reference/human_genome/GRCh37-lite/GRCh37-lite.fa, gatk.raw.chrY.vcf
    output: gatk.indel.chrY.vcf
    jobid: 56
    wildcards: ix=Y

gatk SelectVariants -R /diskmnt/Datasets/Reference/human_genome/GRCh37-lite/GRCh37-lite.fa -V gatk.raw.chrY.vcf -O gatk.indel.chrY.vcf -select-type INDEL
Finished job 89.
95 of 140 steps (68%) done

rule filter_pindel:
    input: pindel/chr1/pindel.out.chr1.raw
    output: pindel/chr1/pindel.out.chr1.raw.CvgVafStrand_pass.Homopolymer_pass.vcf
    jobid: 8
    wildcards: ix=1

perl scripts/pindel_filter.v0.5.pl pindel/chr1/pindel.input.chr1.37.txt
Finished job 74.
96 of 140 steps (69%) done

rule filter_pindel:
    input: pindel/chr2/pindel.out.chr2.raw
    output: pindel/chr2/pindel.out.chr2.raw.CvgVafStrand_pass.Homopolymer_pass.vcf
    jobid: 7
    wildcards: ix=2

perl scripts/pindel_filter.v0.5.pl pindel/chr2/pindel.input.chr2.37.txt
Finished job 82.
97 of 140 steps (69%) done

rule filter_pindel:
    input: pindel/chr4/pindel.out.chr4.raw
    output: pindel/chr4/pindel.out.chr4.raw.CvgVafStrand_pass.Homopolymer_pass.vcf
    jobid: 26
    wildcards: ix=4

perl scripts/pindel_filter.v0.5.pl pindel/chr4/pindel.input.chr4.37.txt
Finished job 86.
98 of 140 steps (70%) done

rule filter_pindel:
    input: pindel/chr3/pindel.out.chr3.raw
    output: pindel/chr3/pindel.out.chr3.raw.CvgVafStrand_pass.Homopolymer_pass.vcf
    jobid: 16
    wildcards: ix=3

perl scripts/pindel_filter.v0.5.pl pindel/chr3/pindel.input.chr3.37.txt
Finished job 81.
99 of 140 steps (71%) done

rule gatk_merge_snp_vcf:
    input: gatk.snp.chr1.vcf, gatk.snp.chr2.vcf, gatk.snp.chr3.vcf, gatk.snp.chr4.vcf, gatk.snp.chr5.vcf, gatk.snp.chr6.vcf, gatk.snp.chr7.vcf, gatk.snp.chr8.vcf, gatk.snp.chr9.vcf, gatk.snp.chr10.vcf, gatk.snp.chr11.vcf, gatk.snp.chr12.vcf, gatk.snp.chr13.vcf, gatk.snp.chr14.vcf, gatk.snp.chr15.vcf, gatk.snp.chr16.vcf, gatk.snp.chr17.vcf, gatk.snp.chr18.vcf, gatk.snp.chr19.vcf, gatk.snp.chr20.vcf, gatk.snp.chr21.vcf, gatk.snp.chr22.vcf, gatk.snp.chrX.vcf, gatk.snp.chrY.vcf
    output: gatk.snp.vcf
    jobid: 5

Finished job 113.
100 of 140 steps (71%) done

rule filter_pindel:
    input: pindel/chr6/pindel.out.chr6.raw
    output: pindel/chr6/pindel.out.chr6.raw.CvgVafStrand_pass.Homopolymer_pass.vcf
    jobid: 25
    wildcards: ix=6

perl scripts/pindel_filter.v0.5.pl pindel/chr6/pindel.input.chr6.37.txt
Finished job 56.
101 of 140 steps (72%) done

rule gatk_merge_indel_vcf:
    input: gatk.indel.chr1.vcf, gatk.indel.chr2.vcf, gatk.indel.chr3.vcf, gatk.indel.chr4.vcf, gatk.indel.chr5.vcf, gatk.indel.chr6.vcf, gatk.indel.chr7.vcf, gatk.indel.chr8.vcf, gatk.indel.chr9.vcf, gatk.indel.chr10.vcf, gatk.indel.chr11.vcf, gatk.indel.chr12.vcf, gatk.indel.chr13.vcf, gatk.indel.chr14.vcf, gatk.indel.chr15.vcf, gatk.indel.chr16.vcf, gatk.indel.chr17.vcf, gatk.indel.chr18.vcf, gatk.indel.chr19.vcf, gatk.indel.chr20.vcf, gatk.indel.chr21.vcf, gatk.indel.chr22.vcf, gatk.indel.chrX.vcf, gatk.indel.chrY.vcf
    output: gatk.indel.vcf
    jobid: 4

/diskmnt/Projects/Users/wliang/miniconda3/envs/snakemake/bin/python /diskmnt/Projects/Users/wliang/Germline_Noncoding/RegulatoryGermline/snakemake/local/.snakemake/scripts/v03zp9cd.wrapper.py
/diskmnt/Projects/Users/wliang/miniconda3/envs/snakemake/bin/python /diskmnt/Projects/Users/wliang/Germline_Noncoding/RegulatoryGermline/snakemake/local/.snakemake/scripts/lxdld3lx.wrapper.py
Finished job 4.
102 of 140 steps (73%) done

rule filter_pindel:
    input: pindel/chr7/pindel.out.chr7.raw
    output: pindel/chr7/pindel.out.chr7.raw.CvgVafStrand_pass.Homopolymer_pass.vcf
    jobid: 13
    wildcards: ix=7

perl scripts/pindel_filter.v0.5.pl pindel/chr7/pindel.input.chr7.37.txt
Finished job 5.
103 of 140 steps (74%) done

rule filter_pindel:
    input: pindel/chr10/pindel.out.chr10.raw
    output: pindel/chr10/pindel.out.chr10.raw.CvgVafStrand_pass.Homopolymer_pass.vcf
    jobid: 30
    wildcards: ix=10

perl scripts/pindel_filter.v0.5.pl pindel/chr10/pindel.input.chr10.37.txt
Finished job 8.
104 of 140 steps (74%) done

rule filter_pindel:
    input: pindel/chr5/pindel.out.chr5.raw
    output: pindel/chr5/pindel.out.chr5.raw.CvgVafStrand_pass.Homopolymer_pass.vcf
    jobid: 14
    wildcards: ix=5

perl scripts/pindel_filter.v0.5.pl pindel/chr5/pindel.input.chr5.37.txt
Finished job 7.
105 of 140 steps (75%) done

rule filter_pindel:
    input: pindel/chr11/pindel.out.chr11.raw
    output: pindel/chr11/pindel.out.chr11.raw.CvgVafStrand_pass.Homopolymer_pass.vcf
    jobid: 24
    wildcards: ix=11

perl scripts/pindel_filter.v0.5.pl pindel/chr11/pindel.input.chr11.37.txt
Finished job 16.
106 of 140 steps (76%) done

rule filter_pindel:
    input: pindel/chr12/pindel.out.chr12.raw
    output: pindel/chr12/pindel.out.chr12.raw.CvgVafStrand_pass.Homopolymer_pass.vcf
    jobid: 15
    wildcards: ix=12

perl scripts/pindel_filter.v0.5.pl pindel/chr12/pindel.input.chr12.37.txt
Finished job 110.
107 of 140 steps (76%) done

rule filter_pindel:
    input: pindel/chr9/pindel.out.chr9.raw
    output: pindel/chr9/pindel.out.chr9.raw.CvgVafStrand_pass.Homopolymer_pass.vcf
    jobid: 19
    wildcards: ix=9

perl scripts/pindel_filter.v0.5.pl pindel/chr9/pindel.input.chr9.37.txt
Finished job 26.
108 of 140 steps (77%) done

rule filter_pindel:
    input: pindel/chr8/pindel.out.chr8.raw
    output: pindel/chr8/pindel.out.chr8.raw.CvgVafStrand_pass.Homopolymer_pass.vcf
    jobid: 29
    wildcards: ix=8

perl scripts/pindel_filter.v0.5.pl pindel/chr8/pindel.input.chr8.37.txt
Finished job 25.
109 of 140 steps (78%) done

rule filter_pindel:
    input: pindel/chr17/pindel.out.chr17.raw
    output: pindel/chr17/pindel.out.chr17.raw.CvgVafStrand_pass.Homopolymer_pass.vcf
    jobid: 18
    wildcards: ix=17

perl scripts/pindel_filter.v0.5.pl pindel/chr17/pindel.input.chr17.37.txt
Finished job 13.
110 of 140 steps (79%) done

rule filter_pindel:
    input: pindel/chr16/pindel.out.chr16.raw
    output: pindel/chr16/pindel.out.chr16.raw.CvgVafStrand_pass.Homopolymer_pass.vcf
    jobid: 22
    wildcards: ix=16

perl scripts/pindel_filter.v0.5.pl pindel/chr16/pindel.input.chr16.37.txt
Finished job 14.
111 of 140 steps (79%) done

rule filter_pindel:
    input: pindel/chr19/pindel.out.chr19.raw
    output: pindel/chr19/pindel.out.chr19.raw.CvgVafStrand_pass.Homopolymer_pass.vcf
    jobid: 23
    wildcards: ix=19

perl scripts/pindel_filter.v0.5.pl pindel/chr19/pindel.input.chr19.37.txt
Finished job 30.
112 of 140 steps (80%) done

rule filter_pindel:
    input: pindel/chr15/pindel.out.chr15.raw
    output: pindel/chr15/pindel.out.chr15.raw.CvgVafStrand_pass.Homopolymer_pass.vcf
    jobid: 28
    wildcards: ix=15

perl scripts/pindel_filter.v0.5.pl pindel/chr15/pindel.input.chr15.37.txt
Finished job 43.
113 of 140 steps (81%) done

rule filter_pindel:
    input: pindel/chr13/pindel.out.chr13.raw
    output: pindel/chr13/pindel.out.chr13.raw.CvgVafStrand_pass.Homopolymer_pass.vcf
    jobid: 10
    wildcards: ix=13

perl scripts/pindel_filter.v0.5.pl pindel/chr13/pindel.input.chr13.37.txt
Finished job 33.
114 of 140 steps (81%) done

rule filter_pindel:
    input: pindel/chr14/pindel.out.chr14.raw
    output: pindel/chr14/pindel.out.chr14.raw.CvgVafStrand_pass.Homopolymer_pass.vcf
    jobid: 9
    wildcards: ix=14

perl scripts/pindel_filter.v0.5.pl pindel/chr14/pindel.input.chr14.37.txt
Finished job 24.
115 of 140 steps (82%) done

rule filter_pindel:
    input: pindel/chr18/pindel.out.chr18.raw
    output: pindel/chr18/pindel.out.chr18.raw.CvgVafStrand_pass.Homopolymer_pass.vcf
    jobid: 17
    wildcards: ix=18

perl scripts/pindel_filter.v0.5.pl pindel/chr18/pindel.input.chr18.37.txt
Finished job 19.
116 of 140 steps (83%) done

rule filter_pindel:
    input: pindel/chr20/pindel.out.chr20.raw
    output: pindel/chr20/pindel.out.chr20.raw.CvgVafStrand_pass.Homopolymer_pass.vcf
    jobid: 20
    wildcards: ix=20

perl scripts/pindel_filter.v0.5.pl pindel/chr20/pindel.input.chr20.37.txt
Finished job 29.
117 of 140 steps (84%) done

rule filter_pindel:
    input: pindel/chr22/pindel.out.chr22.raw
    output: pindel/chr22/pindel.out.chr22.raw.CvgVafStrand_pass.Homopolymer_pass.vcf
    jobid: 12
    wildcards: ix=22

perl scripts/pindel_filter.v0.5.pl pindel/chr22/pindel.input.chr22.37.txt
Finished job 15.
118 of 140 steps (84%) done

rule filter_pindel:
    input: pindel/chr21/pindel.out.chr21.raw
    output: pindel/chr21/pindel.out.chr21.raw.CvgVafStrand_pass.Homopolymer_pass.vcf
    jobid: 27
    wildcards: ix=21

perl scripts/pindel_filter.v0.5.pl pindel/chr21/pindel.input.chr21.37.txt
Finished job 34.
119 of 140 steps (85%) done

rule filter_pindel:
    input: pindel/chrX/pindel.out.chrX.raw
    output: pindel/chrX/pindel.out.chrX.raw.CvgVafStrand_pass.Homopolymer_pass.vcf
    jobid: 21
    wildcards: ix=X

perl scripts/pindel_filter.v0.5.pl pindel/chrX/pindel.input.chrX.37.txt
Finished job 10.
120 of 140 steps (86%) done

rule filter_pindel:
    input: pindel/chrY/pindel.out.chrY.raw
    output: pindel/chrY/pindel.out.chrY.raw.CvgVafStrand_pass.Homopolymer_pass.vcf
    jobid: 11
    wildcards: ix=Y

perl scripts/pindel_filter.v0.5.pl pindel/chrY/pindel.input.chrY.37.txt
Finished job 18.
121 of 140 steps (86%) done
Finished job 22.
122 of 140 steps (87%) done
Finished job 28.
123 of 140 steps (88%) done
Finished job 23.
124 of 140 steps (89%) done
Finished job 9.
125 of 140 steps (89%) done
Finished job 17.
126 of 140 steps (90%) done
Finished job 20.
127 of 140 steps (91%) done
Finished job 27.
128 of 140 steps (91%) done
Finished job 12.
129 of 140 steps (92%) done
Finished job 21.
130 of 140 steps (93%) done
Finished job 11.
131 of 140 steps (94%) done

rule pindel_merge_vcf:
    input: pindel/chr1/pindel.out.chr1.raw.CvgVafStrand_pass.Homopolymer_pass.vcf, pindel/chr2/pindel.out.chr2.raw.CvgVafStrand_pass.Homopolymer_pass.vcf, pindel/chr3/pindel.out.chr3.raw.CvgVafStrand_pass.Homopolymer_pass.vcf, pindel/chr4/pindel.out.chr4.raw.CvgVafStrand_pass.Homopolymer_pass.vcf, pindel/chr5/pindel.out.chr5.raw.CvgVafStrand_pass.Homopolymer_pass.vcf, pindel/chr6/pindel.out.chr6.raw.CvgVafStrand_pass.Homopolymer_pass.vcf, pindel/chr7/pindel.out.chr7.raw.CvgVafStrand_pass.Homopolymer_pass.vcf, pindel/chr8/pindel.out.chr8.raw.CvgVafStrand_pass.Homopolymer_pass.vcf, pindel/chr9/pindel.out.chr9.raw.CvgVafStrand_pass.Homopolymer_pass.vcf, pindel/chr10/pindel.out.chr10.raw.CvgVafStrand_pass.Homopolymer_pass.vcf, pindel/chr11/pindel.out.chr11.raw.CvgVafStrand_pass.Homopolymer_pass.vcf, pindel/chr12/pindel.out.chr12.raw.CvgVafStrand_pass.Homopolymer_pass.vcf, pindel/chr13/pindel.out.chr13.raw.CvgVafStrand_pass.Homopolymer_pass.vcf, pindel/chr14/pindel.out.chr14.raw.CvgVafStrand_pass.Homopolymer_pass.vcf, pindel/chr15/pindel.out.chr15.raw.CvgVafStrand_pass.Homopolymer_pass.vcf, pindel/chr16/pindel.out.chr16.raw.CvgVafStrand_pass.Homopolymer_pass.vcf, pindel/chr17/pindel.out.chr17.raw.CvgVafStrand_pass.Homopolymer_pass.vcf, pindel/chr18/pindel.out.chr18.raw.CvgVafStrand_pass.Homopolymer_pass.vcf, pindel/chr19/pindel.out.chr19.raw.CvgVafStrand_pass.Homopolymer_pass.vcf, pindel/chr20/pindel.out.chr20.raw.CvgVafStrand_pass.Homopolymer_pass.vcf, pindel/chr21/pindel.out.chr21.raw.CvgVafStrand_pass.Homopolymer_pass.vcf, pindel/chr22/pindel.out.chr22.raw.CvgVafStrand_pass.Homopolymer_pass.vcf, pindel/chrX/pindel.out.chrX.raw.CvgVafStrand_pass.Homopolymer_pass.vcf, pindel/chrY/pindel.out.chrY.raw.CvgVafStrand_pass.Homopolymer_pass.vcf
    output: pindel.vcf
    jobid: 2

/diskmnt/Projects/Users/wliang/miniconda3/envs/snakemake/bin/python /diskmnt/Projects/Users/wliang/Germline_Noncoding/RegulatoryGermline/snakemake/local/.snakemake/scripts/el5nzm3t.wrapper.py
    Error in rule pindel_merge_vcf:
        jobid: 2
        output: pindel.vcf

RuleException:
CalledProcessError in line 131 of /diskmnt/Projects/Users/wliang/Germline_Noncoding/RegulatoryGermline/snakemake/local/Snakefile:
Command ' set -euo pipefail;  /diskmnt/Projects/Users/wliang/miniconda3/envs/snakemake/bin/python /diskmnt/Projects/Users/wliang/Germline_Noncoding/RegulatoryGermline/snakemake/local/.snakemake/scripts/el5nzm3t.wrapper.py ' returned non-zero exit status 1.
  File "/diskmnt/Projects/Users/wliang/Germline_Noncoding/RegulatoryGermline/snakemake/local/Snakefile", line 131, in __rule_pindel_merge_vcf
  File "/diskmnt/Projects/Users/wliang/miniconda3/envs/snakemake/lib/python3.6/concurrent/futures/thread.py", line 56, in run
Removing output files of failed job pindel_merge_vcf since they might be corrupted:
pindel.vcf
Finished job 41.
132 of 140 steps (94%) done
Finished job 38.
133 of 140 steps (95%) done
Finished job 118.
134 of 140 steps (96%) done
Finished job 112.
135 of 140 steps (96%) done
Shutting down, this might take some time.
Exiting because a job execution failed. Look above for error message
Complete log: /diskmnt/Projects/Users/wliang/Germline_Noncoding/RegulatoryGermline/snakemake/local/.snakemake/log/2018-07-06T173904.504335.snakemake.log
