Building DAG of jobs...
Using shell: /usr/bin/bash
Provided cores: 15
Rules claiming more threads will be scaled down.
Job counts:
	count	jobs
	1	filter
	24	filter_pindel
	1	gatk_merge_indel_vcf
	1	gatk_merge_snp_vcf
	24	gatk_selectvariant_indel
	24	gatk_selectvariant_snp
	1	merge_vcf
	24	pindel_call
	1	pindel_merge_vcf
	1	varscan_merge_indel_vcf
	1	varscan_merge_snp_vcf
	21	varscan_mpileup2indel
	19	varscan_mpileup2snp
	143

rule varscan_mpileup2indel:
    input: /diskmnt/Datasets/Reference/human_genome/GRCh37-lite/GRCh37-lite.fa, /diskmnt/Datasets/TCGA/example_BAM/TCGA-73-4677-11A-01D-1203-02_IlluminaHiSeq-DNASeq_whole.bam
    output: varscan.indel.chr14.vcf
    jobid: 137
    wildcards: ix=14

samtools mpileup -q 1 -Q 13 -f /diskmnt/Datasets/Reference/human_genome/GRCh37-lite/GRCh37-lite.fa -r 14 /diskmnt/Datasets/TCGA/example_BAM/TCGA-73-4677-11A-01D-1203-02_IlluminaHiSeq-DNASeq_whole.bam | varscan mpileup2indel - --min-coverage 3 --min-var-freq 0.10 --p-value 0.10 --strand-filter 1 --output-vcf 1 > varscan.indel.chr14.vcf

rule pindel_call:
    input: /diskmnt/Datasets/Reference/human_genome/GRCh37-lite/GRCh37-lite.fa, /diskmnt/Datasets/TCGA/example_BAM/TCGA-73-4677-11A-01D-1203-02_IlluminaHiSeq-DNASeq_whole.bam, pindel_config.txt
    output: pindel/chr11/pindel.out.chr11.raw
    jobid: 31
    wildcards: ix=11
    threads: 4

pindel -x 4 -w 0.1 -B 0 -M 3 -J pindel-centromere-exclude.bed -c 11 -T 4 -f /diskmnt/Datasets/Reference/human_genome/GRCh37-lite/GRCh37-lite.fa -i pindel_config.txt -o pindel/chr11/chr11 ; cat pindel/chr11/chr11_D pindel/chr11/chr11_INV pindel/chr11_TD pindel/chr11_SI | grep ChrID > pindel/chr11/pindel.out.chr11.raw

rule varscan_mpileup2snp:
    input: /diskmnt/Datasets/Reference/human_genome/GRCh37-lite/GRCh37-lite.fa, /diskmnt/Datasets/TCGA/example_BAM/TCGA-73-4677-11A-01D-1203-02_IlluminaHiSeq-DNASeq_whole.bam
    output: varscan.snp.chr21.vcf
    jobid: 111
    wildcards: ix=21

samtools mpileup -q 1 -Q 13 -f /diskmnt/Datasets/Reference/human_genome/GRCh37-lite/GRCh37-lite.fa -r 21 /diskmnt/Datasets/TCGA/example_BAM/TCGA-73-4677-11A-01D-1203-02_IlluminaHiSeq-DNASeq_whole.bam | varscan mpileup2snp - --min-coverage 3 --min-var-freq 0.10 --p-value 0.10 --strand-filter 1 --output-vcf 1 > varscan.snp.chr21.vcf

rule varscan_mpileup2snp:
    input: /diskmnt/Datasets/Reference/human_genome/GRCh37-lite/GRCh37-lite.fa, /diskmnt/Datasets/TCGA/example_BAM/TCGA-73-4677-11A-01D-1203-02_IlluminaHiSeq-DNASeq_whole.bam
    output: varscan.snp.chr10.vcf
    jobid: 118
    wildcards: ix=10

samtools mpileup -q 1 -Q 13 -f /diskmnt/Datasets/Reference/human_genome/GRCh37-lite/GRCh37-lite.fa -r 10 /diskmnt/Datasets/TCGA/example_BAM/TCGA-73-4677-11A-01D-1203-02_IlluminaHiSeq-DNASeq_whole.bam | varscan mpileup2snp - --min-coverage 3 --min-var-freq 0.10 --p-value 0.10 --strand-filter 1 --output-vcf 1 > varscan.snp.chr10.vcf

rule pindel_call:
    input: /diskmnt/Datasets/Reference/human_genome/GRCh37-lite/GRCh37-lite.fa, /diskmnt/Datasets/TCGA/example_BAM/TCGA-73-4677-11A-01D-1203-02_IlluminaHiSeq-DNASeq_whole.bam, pindel_config.txt
    output: pindel/chrY/pindel.out.chrY.raw
    jobid: 35
    wildcards: ix=Y
    threads: 4

pindel -x 4 -w 0.1 -B 0 -M 3 -J pindel-centromere-exclude.bed -c Y -T 4 -f /diskmnt/Datasets/Reference/human_genome/GRCh37-lite/GRCh37-lite.fa -i pindel_config.txt -o pindel/chrY/chrY ; cat pindel/chrY/chrY_D pindel/chrY/chrY_INV pindel/chrY_TD pindel/chrY_SI | grep ChrID > pindel/chrY/pindel.out.chrY.raw

rule pindel_call:
    input: /diskmnt/Datasets/Reference/human_genome/GRCh37-lite/GRCh37-lite.fa, /diskmnt/Datasets/TCGA/example_BAM/TCGA-73-4677-11A-01D-1203-02_IlluminaHiSeq-DNASeq_whole.bam, pindel_config.txt
    output: pindel/chr15/pindel.out.chr15.raw
    jobid: 50
    wildcards: ix=15
    threads: 4

pindel -x 4 -w 0.1 -B 0 -M 3 -J pindel-centromere-exclude.bed -c 15 -T 4 -f /diskmnt/Datasets/Reference/human_genome/GRCh37-lite/GRCh37-lite.fa -i pindel_config.txt -o pindel/chr15/chr15 ; cat pindel/chr15/chr15_D pindel/chr15/chr15_INV pindel/chr15_TD pindel/chr15_SI | grep ChrID > pindel/chr15/pindel.out.chr15.raw
    Error in rule pindel_call:
        jobid: 35
        output: pindel/chrY/pindel.out.chrY.raw

RuleException:
CalledProcessError in line 99 of /diskmnt/Projects/Users/wliang/Germline_Noncoding/RegulatoryGermline/snakemake/local/Snakefile:
Command ' set -euo pipefail;  pindel -x 4 -w 0.1 -B 0 -M 3 -J pindel-centromere-exclude.bed -c Y -T 4 -f /diskmnt/Datasets/Reference/human_genome/GRCh37-lite/GRCh37-lite.fa -i pindel_config.txt -o pindel/chrY/chrY ; cat pindel/chrY/chrY_D pindel/chrY/chrY_INV pindel/chrY_TD pindel/chrY_SI | grep ChrID > pindel/chrY/pindel.out.chrY.raw ' returned non-zero exit status 1.
  File "/diskmnt/Projects/Users/wliang/Germline_Noncoding/RegulatoryGermline/snakemake/local/Snakefile", line 99, in __rule_pindel_call
  File "/diskmnt/Projects/Users/wliang/miniconda3/envs/snakemake/lib/python3.6/concurrent/futures/thread.py", line 56, in run
Removing output files of failed job pindel_call since they might be corrupted:
pindel/chrY/pindel.out.chrY.raw
Finished job 111.
1 of 143 steps (0.70%) done
    Error in rule pindel_call:
        jobid: 50
        output: pindel/chr15/pindel.out.chr15.raw

RuleException:
CalledProcessError in line 99 of /diskmnt/Projects/Users/wliang/Germline_Noncoding/RegulatoryGermline/snakemake/local/Snakefile:
Command ' set -euo pipefail;  pindel -x 4 -w 0.1 -B 0 -M 3 -J pindel-centromere-exclude.bed -c 15 -T 4 -f /diskmnt/Datasets/Reference/human_genome/GRCh37-lite/GRCh37-lite.fa -i pindel_config.txt -o pindel/chr15/chr15 ; cat pindel/chr15/chr15_D pindel/chr15/chr15_INV pindel/chr15_TD pindel/chr15_SI | grep ChrID > pindel/chr15/pindel.out.chr15.raw ' returned non-zero exit status 1.
  File "/diskmnt/Projects/Users/wliang/Germline_Noncoding/RegulatoryGermline/snakemake/local/Snakefile", line 99, in __rule_pindel_call
  File "/diskmnt/Projects/Users/wliang/miniconda3/envs/snakemake/lib/python3.6/concurrent/futures/thread.py", line 56, in run
Removing output files of failed job pindel_call since they might be corrupted:
pindel/chr15/pindel.out.chr15.raw
Finished job 137.
2 of 143 steps (1%) done
    Error in rule pindel_call:
        jobid: 31
        output: pindel/chr11/pindel.out.chr11.raw

RuleException:
CalledProcessError in line 99 of /diskmnt/Projects/Users/wliang/Germline_Noncoding/RegulatoryGermline/snakemake/local/Snakefile:
Command ' set -euo pipefail;  pindel -x 4 -w 0.1 -B 0 -M 3 -J pindel-centromere-exclude.bed -c 11 -T 4 -f /diskmnt/Datasets/Reference/human_genome/GRCh37-lite/GRCh37-lite.fa -i pindel_config.txt -o pindel/chr11/chr11 ; cat pindel/chr11/chr11_D pindel/chr11/chr11_INV pindel/chr11_TD pindel/chr11_SI | grep ChrID > pindel/chr11/pindel.out.chr11.raw ' returned non-zero exit status 1.
  File "/diskmnt/Projects/Users/wliang/Germline_Noncoding/RegulatoryGermline/snakemake/local/Snakefile", line 99, in __rule_pindel_call
  File "/diskmnt/Projects/Users/wliang/miniconda3/envs/snakemake/lib/python3.6/concurrent/futures/thread.py", line 56, in run
Removing output files of failed job pindel_call since they might be corrupted:
pindel/chr11/pindel.out.chr11.raw
Finished job 118.
3 of 143 steps (2%) done
Shutting down, this might take some time.
Exiting because a job execution failed. Look above for error message
Complete log: /diskmnt/Projects/Users/wliang/Germline_Noncoding/RegulatoryGermline/snakemake/local/.snakemake/log/2018-07-06T165014.536338.snakemake.log
