Building DAG of jobs...
Using shell: /usr/bin/bash
Provided cores: 1
Rules claiming more threads will be scaled down.
Job counts:
	count	jobs
	24	filter_pindel
	24	pindel_call
	1	pindel_merge_vcf
	49

rule pindel_call:
    input: /diskmnt/Datasets/Reference/human_genome/GRCh37-lite/GRCh37-lite.fa, /diskmnt/Datasets/TCGA/example_BAM/TCGA-73-4677-11A-01D-1203-02_IlluminaHiSeq-DNASeq_whole.bam, pindel_config.txt
    output: pindel/chr18/pindel.out.chr18.raw
    jobid: 42
    wildcards: ix=18

pindel -x 4 -w 0.1 -B 0 -M 3 -J pindel-centromere-exclude.bed -c 18 -T 1 -f /diskmnt/Datasets/Reference/human_genome/GRCh37-lite/GRCh37-lite.fa -i pindel_config.txt -o pindel/chr18/chr18 ; cat pindel/chr18/chr18_D pindel/chr18/chr18_INV pindel/chr18/chr18_TD pindel/chr18/chr18_SI | grep ChrID > pindel/chr18/pindel.out.chr18.raw
Terminating processes on user request, this might take some time.
    Error in rule pindel_call:
        jobid: 42
        output: pindel/chr18/pindel.out.chr18.raw

RuleException:
CalledProcessError in line 99 of /diskmnt/Projects/Users/wliang/Germline_Noncoding/RegulatoryGermline/snakemake/local/Snakefile:
Command ' set -euo pipefail;  pindel -x 4 -w 0.1 -B 0 -M 3 -J pindel-centromere-exclude.bed -c 18 -T 1 -f /diskmnt/Datasets/Reference/human_genome/GRCh37-lite/GRCh37-lite.fa -i pindel_config.txt -o pindel/chr18/chr18 ; cat pindel/chr18/chr18_D pindel/chr18/chr18_INV pindel/chr18/chr18_TD pindel/chr18/chr18_SI | grep ChrID > pindel/chr18/pindel.out.chr18.raw ' died with <Signals.SIGINT: 2>.
  File "/diskmnt/Projects/Users/wliang/Germline_Noncoding/RegulatoryGermline/snakemake/local/Snakefile", line 99, in __rule_pindel_call
  File "/diskmnt/Projects/Users/wliang/miniconda3/envs/snakemake/lib/python3.6/concurrent/futures/thread.py", line 56, in run
Complete log: /diskmnt/Projects/Users/wliang/Germline_Noncoding/RegulatoryGermline/snakemake/local/.snakemake/log/2018-07-07T120003.395198.snakemake.log
