Building DAG of jobs...
Using shell: /usr/bin/bash
Provided cores: 8
Rules claiming more threads will be scaled down.
Job counts:
	count	jobs
	1	generate_pindel_filter_config
	1	pindel_call
	2

rule pindel_call:
    input: /diskmnt/Datasets/Reference/human_genome/GRCh37-lite/GRCh37-lite.fa, /diskmnt/Datasets/TCGA/example_BAM/TCGA-73-4677-11A-01D-1203-02_IlluminaHiSeq-DNASeq_whole.bam, pindel_config.txt
    output: pindel/chr22_D, pindel/chr22_INV, pindel/chr22_TD, pindel/chr22_SI
    log: logs/pindel_chr22.log
    jobid: 1
    threads: 4

/diskmnt/Projects/Users/wliang/miniconda3/envs/snakemake/bin/python /diskmnt/Projects/Users/wliang/Germline_Noncoding/06_Cloud_Variant_Calling/RegulatoryGermline/snakemake/local/.snakemake/scripts/a2qb5xy3.wrapper.py
Finished job 1.
1 of 2 steps (50%) done

rule generate_pindel_filter_config:
    input: pindel/chr22_D, pindel/chr22_INV, pindel/chr22_TD, pindel/chr22_SI
    output: pindel.out.chr22.raw
    jobid: 0

ls pindel/chr22_D pindel/chr22_INV pindel/chr22_TD pindel/chr22_SI > outlist; cat `for i in outlist; do cat ${i}; done` | grep ChrID > pindel.out.chr22.raw
Finished job 0.
2 of 2 steps (100%) done
Complete log: /diskmnt/Projects/Users/wliang/Germline_Noncoding/06_Cloud_Variant_Calling/RegulatoryGermline/snakemake/local/.snakemake/log/2018-06-24T001727.140018.snakemake.log
