Building DAG of jobs...
Using shell: /usr/bin/bash
Provided cores: 15
Rules claiming more threads will be scaled down.
Job counts:
	count	jobs
	1	filter
	24	filter_pindel
	1	gatk_merge_indel_vcf
	1	gatk_merge_snp_vcf
	24	gatk_selectvariant_indel
	24	gatk_selectvariant_snp
	1	merge_vcf
	24	pindel_call
	1	pindel_merge_vcf
	1	varscan_merge_indel_vcf
	1	varscan_merge_snp_vcf
	24	varscan_mpileup2indel
	24	varscan_mpileup2snp
	151

rule varscan_mpileup2indel:
    input: /diskmnt/Datasets/Reference/human_genome/GRCh37-lite/GRCh37-lite.fa, /diskmnt/Datasets/TCGA/example_BAM/TCGA-73-4677-11A-01D-1203-02_IlluminaHiSeq-DNASeq_whole.bam
    output: varscan.indel.chr19.vcf
    jobid: 98
    wildcards: ix=19

samtools mpileup -q 1 -Q 13 -f /diskmnt/Datasets/Reference/human_genome/GRCh37-lite/GRCh37-lite.fa -r 19 /diskmnt/Datasets/TCGA/example_BAM/TCGA-73-4677-11A-01D-1203-02_IlluminaHiSeq-DNASeq_whole.bam | awk 'NR==6' | varscan mpileup2indel - --min-coverage 3 --min-var-freq 0.10 --p-value 0.10 --strand-filter 1 --output-vcf 1 > varscan.indel.chr19.vcf

rule varscan_mpileup2snp:
    input: /diskmnt/Datasets/Reference/human_genome/GRCh37-lite/GRCh37-lite.fa, /diskmnt/Datasets/TCGA/example_BAM/TCGA-73-4677-11A-01D-1203-02_IlluminaHiSeq-DNASeq_whole.bam
    output: varscan.snp.chr6.vcf
    jobid: 65
    wildcards: ix=6

samtools mpileup -q 1 -Q 13 -f /diskmnt/Datasets/Reference/human_genome/GRCh37-lite/GRCh37-lite.fa -r 6 /diskmnt/Datasets/TCGA/example_BAM/TCGA-73-4677-11A-01D-1203-02_IlluminaHiSeq-DNASeq_whole.bam | awk 'NR==6' | varscan mpileup2snp - --min-coverage 3 --min-var-freq 0.10 --p-value 0.10 --strand-filter 1 --output-vcf 1 > varscan.snp.chr6.vcf

rule varscan_mpileup2indel:
    input: /diskmnt/Datasets/Reference/human_genome/GRCh37-lite/GRCh37-lite.fa, /diskmnt/Datasets/TCGA/example_BAM/TCGA-73-4677-11A-01D-1203-02_IlluminaHiSeq-DNASeq_whole.bam
    output: varscan.indel.chr1.vcf
    jobid: 99
    wildcards: ix=1

samtools mpileup -q 1 -Q 13 -f /diskmnt/Datasets/Reference/human_genome/GRCh37-lite/GRCh37-lite.fa -r 1 /diskmnt/Datasets/TCGA/example_BAM/TCGA-73-4677-11A-01D-1203-02_IlluminaHiSeq-DNASeq_whole.bam | awk 'NR==6' | varscan mpileup2indel - --min-coverage 3 --min-var-freq 0.10 --p-value 0.10 --strand-filter 1 --output-vcf 1 > varscan.indel.chr1.vcf

rule pindel_call:
    input: /diskmnt/Datasets/Reference/human_genome/GRCh37-lite/GRCh37-lite.fa, /diskmnt/Datasets/TCGA/example_BAM/TCGA-73-4677-11A-01D-1203-02_IlluminaHiSeq-DNASeq_whole.bam, pindel_config.txt
    output: pindel/chrX/pindel.out.chrX.raw
    jobid: 144
    wildcards: ix=X
    threads: 4

pindel -x 4 -w 0.1 -B 0 -M 3 -J pindel-centromere-exclude.bed -c X -T 4 -f /diskmnt/Datasets/Reference/human_genome/GRCh37-lite/GRCh37-lite.fa -i pindel_config.txt -o pindel/chrX/chrX | cat pindel/chrX/chrX_D pindel/chrX/chrX_INV pindel/chrX_TD pindel/chrX_SI | grep ChrID > pindel/chrX/pindel.out.chrX.raw

rule pindel_call:
    input: /diskmnt/Datasets/Reference/human_genome/GRCh37-lite/GRCh37-lite.fa, /diskmnt/Datasets/TCGA/example_BAM/TCGA-73-4677-11A-01D-1203-02_IlluminaHiSeq-DNASeq_whole.bam, pindel_config.txt
    output: pindel/chr11/pindel.out.chr11.raw
    jobid: 149
    wildcards: ix=11
    threads: 4

pindel -x 4 -w 0.1 -B 0 -M 3 -J pindel-centromere-exclude.bed -c 11 -T 4 -f /diskmnt/Datasets/Reference/human_genome/GRCh37-lite/GRCh37-lite.fa -i pindel_config.txt -o pindel/chr11/chr11 | cat pindel/chr11/chr11_D pindel/chr11/chr11_INV pindel/chr11_TD pindel/chr11_SI | grep ChrID > pindel/chr11/pindel.out.chr11.raw

rule pindel_call:
    input: /diskmnt/Datasets/Reference/human_genome/GRCh37-lite/GRCh37-lite.fa, /diskmnt/Datasets/TCGA/example_BAM/TCGA-73-4677-11A-01D-1203-02_IlluminaHiSeq-DNASeq_whole.bam, pindel_config.txt
    output: pindel/chr22/pindel.out.chr22.raw
    jobid: 133
    wildcards: ix=22
    threads: 4

pindel -x 4 -w 0.1 -B 0 -M 3 -J pindel-centromere-exclude.bed -c 22 -T 4 -f /diskmnt/Datasets/Reference/human_genome/GRCh37-lite/GRCh37-lite.fa -i pindel_config.txt -o pindel/chr22/chr22 | cat pindel/chr22/chr22_D pindel/chr22/chr22_INV pindel/chr22_TD pindel/chr22_SI | grep ChrID > pindel/chr22/pindel.out.chr22.raw
    Error in rule pindel_call:
        jobid: 144
        output: pindel/chrX/pindel.out.chrX.raw

    Error in rule pindel_call:
        jobid: 149
RuleException:
CalledProcessError in line 99 of /diskmnt/Projects/Users/wliang/Germline_Noncoding/RegulatoryGermline/snakemake/local/Snakefile:
Command ' set -euo pipefail;  pindel -x 4 -w 0.1 -B 0 -M 3 -J pindel-centromere-exclude.bed -c X -T 4 -f /diskmnt/Datasets/Reference/human_genome/GRCh37-lite/GRCh37-lite.fa -i pindel_config.txt -o pindel/chrX/chrX | cat pindel/chrX/chrX_D pindel/chrX/chrX_INV pindel/chrX_TD pindel/chrX_SI | grep ChrID > pindel/chrX/pindel.out.chrX.raw ' returned non-zero exit status 1.
  File "/diskmnt/Projects/Users/wliang/Germline_Noncoding/RegulatoryGermline/snakemake/local/Snakefile", line 99, in __rule_pindel_call
  File "/diskmnt/Projects/Users/wliang/miniconda3/envs/snakemake/lib/python3.6/concurrent/futures/thread.py", line 56, in run
        output: pindel/chr11/pindel.out.chr11.raw
Removing output files of failed job pindel_call since they might be corrupted:
pindel/chrX/pindel.out.chrX.raw

RuleException:
CalledProcessError in line 99 of /diskmnt/Projects/Users/wliang/Germline_Noncoding/RegulatoryGermline/snakemake/local/Snakefile:
Command ' set -euo pipefail;  pindel -x 4 -w 0.1 -B 0 -M 3 -J pindel-centromere-exclude.bed -c 11 -T 4 -f /diskmnt/Datasets/Reference/human_genome/GRCh37-lite/GRCh37-lite.fa -i pindel_config.txt -o pindel/chr11/chr11 | cat pindel/chr11/chr11_D pindel/chr11/chr11_INV pindel/chr11_TD pindel/chr11_SI | grep ChrID > pindel/chr11/pindel.out.chr11.raw ' returned non-zero exit status 1.
  File "/diskmnt/Projects/Users/wliang/Germline_Noncoding/RegulatoryGermline/snakemake/local/Snakefile", line 99, in __rule_pindel_call
  File "/diskmnt/Projects/Users/wliang/miniconda3/envs/snakemake/lib/python3.6/concurrent/futures/thread.py", line 56, in run
Removing output files of failed job pindel_call since they might be corrupted:
pindel/chr11/pindel.out.chr11.raw
    Error in rule pindel_call:
        jobid: 133
        output: pindel/chr22/pindel.out.chr22.raw

RuleException:
CalledProcessError in line 99 of /diskmnt/Projects/Users/wliang/Germline_Noncoding/RegulatoryGermline/snakemake/local/Snakefile:
Command ' set -euo pipefail;  pindel -x 4 -w 0.1 -B 0 -M 3 -J pindel-centromere-exclude.bed -c 22 -T 4 -f /diskmnt/Datasets/Reference/human_genome/GRCh37-lite/GRCh37-lite.fa -i pindel_config.txt -o pindel/chr22/chr22 | cat pindel/chr22/chr22_D pindel/chr22/chr22_INV pindel/chr22_TD pindel/chr22_SI | grep ChrID > pindel/chr22/pindel.out.chr22.raw ' returned non-zero exit status 1.
  File "/diskmnt/Projects/Users/wliang/Germline_Noncoding/RegulatoryGermline/snakemake/local/Snakefile", line 99, in __rule_pindel_call
  File "/diskmnt/Projects/Users/wliang/miniconda3/envs/snakemake/lib/python3.6/concurrent/futures/thread.py", line 56, in run
Removing output files of failed job pindel_call since they might be corrupted:
pindel/chr22/pindel.out.chr22.raw
Terminating processes on user request, this might take some time.
    Error in rule varscan_mpileup2indel:
        jobid: 98
        output: varscan.indel.chr19.vcf

RuleException:
CalledProcessError in line 69 of /diskmnt/Projects/Users/wliang/Germline_Noncoding/RegulatoryGermline/snakemake/local/Snakefile:
Command ' set -euo pipefail;  samtools mpileup -q 1 -Q 13 -f /diskmnt/Datasets/Reference/human_genome/GRCh37-lite/GRCh37-lite.fa -r 19 /diskmnt/Datasets/TCGA/example_BAM/TCGA-73-4677-11A-01D-1203-02_IlluminaHiSeq-DNASeq_whole.bam | awk 'NR==6' | varscan mpileup2indel - --min-coverage 3 --min-var-freq 0.10 --p-value 0.10 --strand-filter 1 --output-vcf 1 > varscan.indel.chr19.vcf ' died with <Signals.SIGINT: 2>.
  File "/diskmnt/Projects/Users/wliang/Germline_Noncoding/RegulatoryGermline/snakemake/local/Snakefile", line 69, in __rule_varscan_mpileup2indel
  File "/diskmnt/Projects/Users/wliang/miniconda3/envs/snakemake/lib/python3.6/concurrent/futures/thread.py", line 56, in run
Removing output files of failed job varscan_mpileup2indel since they might be corrupted:
varscan.indel.chr19.vcf
    Error in rule varscan_mpileup2snp:
        jobid: 65
        output: varscan.snp.chr6.vcf

RuleException:
CalledProcessError in line 61 of /diskmnt/Projects/Users/wliang/Germline_Noncoding/RegulatoryGermline/snakemake/local/Snakefile:
Command ' set -euo pipefail;  samtools mpileup -q 1 -Q 13 -f /diskmnt/Datasets/Reference/human_genome/GRCh37-lite/GRCh37-lite.fa -r 6 /diskmnt/Datasets/TCGA/example_BAM/TCGA-73-4677-11A-01D-1203-02_IlluminaHiSeq-DNASeq_whole.bam | awk 'NR==6' | varscan mpileup2snp - --min-coverage 3 --min-var-freq 0.10 --p-value 0.10 --strand-filter 1 --output-vcf 1 > varscan.snp.chr6.vcf ' died with <Signals.SIGINT: 2>.
  File "/diskmnt/Projects/Users/wliang/Germline_Noncoding/RegulatoryGermline/snakemake/local/Snakefile", line 61, in __rule_varscan_mpileup2snp
  File "/diskmnt/Projects/Users/wliang/miniconda3/envs/snakemake/lib/python3.6/concurrent/futures/thread.py", line 56, in run
Removing output files of failed job varscan_mpileup2snp since they might be corrupted:
varscan.snp.chr6.vcf
    Error in rule varscan_mpileup2indel:
        jobid: 99
        output: varscan.indel.chr1.vcf

RuleException:
CalledProcessError in line 69 of /diskmnt/Projects/Users/wliang/Germline_Noncoding/RegulatoryGermline/snakemake/local/Snakefile:
Command ' set -euo pipefail;  samtools mpileup -q 1 -Q 13 -f /diskmnt/Datasets/Reference/human_genome/GRCh37-lite/GRCh37-lite.fa -r 1 /diskmnt/Datasets/TCGA/example_BAM/TCGA-73-4677-11A-01D-1203-02_IlluminaHiSeq-DNASeq_whole.bam | awk 'NR==6' | varscan mpileup2indel - --min-coverage 3 --min-var-freq 0.10 --p-value 0.10 --strand-filter 1 --output-vcf 1 > varscan.indel.chr1.vcf ' died with <Signals.SIGINT: 2>.
  File "/diskmnt/Projects/Users/wliang/Germline_Noncoding/RegulatoryGermline/snakemake/local/Snakefile", line 69, in __rule_varscan_mpileup2indel
  File "/diskmnt/Projects/Users/wliang/miniconda3/envs/snakemake/lib/python3.6/concurrent/futures/thread.py", line 56, in run
Removing output files of failed job varscan_mpileup2indel since they might be corrupted:
varscan.indel.chr1.vcf
Complete log: /diskmnt/Projects/Users/wliang/Germline_Noncoding/RegulatoryGermline/snakemake/local/.snakemake/log/2018-07-06T152659.895022.snakemake.log
