Building DAG of jobs...
Using shell: /usr/bin/bash
Provided cores: 1
Rules claiming more threads will be scaled down.
Job counts:
	count	jobs
	1	generate_pindel_filter_config
	1	pindel_call
	2

rule pindel_call:
    input: /diskmnt/Datasets/Reference/human_genome/GRCh37-lite/GRCh37-lite.fa, /diskmnt/Datasets/TCGA/example_BAM/TCGA-73-4677-11A-01D-1203-02_IlluminaHiSeq-DNASeq_whole.bam, pindel_config.txt
    output: pindel/chr22_D, pindel/chr22_INV, pindel/chr22_TD, pindel/chr22_SI
    log: logs/pindel_chr22.log
    jobid: 1

/diskmnt/Projects/Users/wliang/miniconda3/envs/snakemake/bin/python /diskmnt/Projects/Users/wliang/Germline_Noncoding/06_Cloud_Variant_Calling/RegulatoryGermline/snakemake/local/.snakemake/scripts/hbqnsclz.wrapper.py
Finished job 1.
1 of 2 steps (50%) done

rule generate_pindel_filter_config:
    input: pindel/chr22_D, pindel/chr22_INV, pindel/chr22_TD, pindel/chr22_SI
    output: pindel.out.chr22.raw
    jobid: 0

ls pindel/chr22_D pindel/chr22_INV pindel/chr22_TD pindel/chr22_SI > outlist; xargs -a outlist | grep ChrID > pindel.out.chr22.raw
    Error in rule generate_pindel_filter_config:
        jobid: 0
        output: pindel.out.chr22.raw

RuleException:
CalledProcessError in line 91 of /diskmnt/Projects/Users/wliang/Germline_Noncoding/06_Cloud_Variant_Calling/RegulatoryGermline/snakemake/local/Snakefile:
Command ' set -euo pipefail;  ls pindel/chr22_D pindel/chr22_INV pindel/chr22_TD pindel/chr22_SI > outlist; xargs -a outlist | grep ChrID > pindel.out.chr22.raw ' returned non-zero exit status 1.
  File "/diskmnt/Projects/Users/wliang/Germline_Noncoding/06_Cloud_Variant_Calling/RegulatoryGermline/snakemake/local/Snakefile", line 91, in __rule_generate_pindel_filter_config
  File "/diskmnt/Projects/Users/wliang/miniconda3/envs/snakemake/lib/python3.6/concurrent/futures/thread.py", line 56, in run
Removing output files of failed job generate_pindel_filter_config since they might be corrupted:
pindel.out.chr22.raw
Shutting down, this might take some time.
Exiting because a job execution failed. Look above for error message
Complete log: /diskmnt/Projects/Users/wliang/Germline_Noncoding/06_Cloud_Variant_Calling/RegulatoryGermline/snakemake/local/.snakemake/log/2018-06-23T171020.120375.snakemake.log
