Building DAG of jobs...
Using shell: /usr/bin/bash
Provided cores: 8
Rules claiming more threads will be scaled down.
Job counts:
	count	jobs
	1	pindel_call
	1

rule pindel_call:
    input: /diskmnt/Datasets/Reference/human_genome/GRCh37-lite/GRCh37-lite.fa, /diskmnt/Datasets/TCGA/example_BAM/TCGA-73-4677-11A-01D-1203-02_IlluminaHiSeq-DNASeq_whole.bam, pindel_config.txt
    output: pindel/all_D_chr22, pindel/all_INV_chr22, pindel/all_TD_chr22, pindel/all_SI_chr22
    log: logs/pindel_chr22.log
    jobid: 0
    threads: 4

/diskmnt/Projects/Users/wliang/miniconda3/envs/snakemake/bin/python /diskmnt/Projects/Users/wliang/Germline_Noncoding/06_Cloud_Variant_Calling/RegulatoryGermline/snakemake/local/pindel/.snakemake/scripts/r73mw8s1.wrapper.py
Waiting at most 5 seconds for missing files.
MissingOutputException in line 17 of /diskmnt/Projects/Users/wliang/Germline_Noncoding/06_Cloud_Variant_Calling/RegulatoryGermline/snakemake/local/pindel/Snakefile:
Missing files after 5 seconds:
pindel/all_D_chr22
pindel/all_INV_chr22
pindel/all_TD_chr22
pindel/all_SI_chr22
This might be due to filesystem latency. If that is the case, consider to increase the wait time with --latency-wait.
Shutting down, this might take some time.
Exiting because a job execution failed. Look above for error message
Complete log: /diskmnt/Projects/Users/wliang/Germline_Noncoding/06_Cloud_Variant_Calling/RegulatoryGermline/snakemake/local/pindel/.snakemake/log/2018-06-23T145044.591593.snakemake.log
